<?xml version="1.0" encoding="UTF-8"?>
<testsuite xmlns:xsi="http://www.w3.org/2001/XMLSchema-instance" xsi:noNamespaceSchemaLocation="https://maven.apache.org/surefire/maven-surefire-plugin/xsd/surefire-test-report.xsd" name="com.thymecrunch.core.filters.LoggingFilterTest" time="1.813" tests="1" errors="0" skipped="0" failures="0">
  <properties>
    <property name="sun.desktop" value="windows"/>
    <property name="awt.toolkit" value="sun.awt.windows.WToolkit"/>
    <property name="java.specification.version" value="11"/>
    <property name="sun.cpu.isalist" value="amd64"/>
    <property name="sun.jnu.encoding" value="Cp1252"/>
    <property name="java.class.path" value="C:\Users\ColleenMalone\.m2\repository\org\apache\maven\surefire\surefire-booter\2.22.1\surefire-booter-2.22.1.jar;C:\Users\ColleenMalone\.m2\repository\org\apache\maven\surefire\surefire-api\2.22.1\surefire-api-2.22.1.jar;C:\Users\ColleenMalone\.m2\repository\org\apache\maven\surefire\surefire-logger-api\2.22.1\surefire-logger-api-2.22.1.jar;C:\Users\ColleenMalone\Documents\brand-new-from-scratch\projects\thymecrunch\core\target\test-classes;C:\Users\ColleenMalone\Documents\brand-new-from-scratch\projects\thymecrunch\core\target\classes;C:\Users\ColleenMalone\.m2\repository\uk\org\lidalia\slf4j-test\1.0.1\slf4j-test-1.0.1.jar;C:\Users\ColleenMalone\.m2\repository\org\slf4j\slf4j-api\1.7.5\slf4j-api-1.7.5.jar;C:\Users\ColleenMalone\.m2\repository\uk\org\lidalia\lidalia-lang\1.0.0\lidalia-lang-1.0.0.jar;C:\Users\ColleenMalone\.m2\repository\org\apache\commons\commons-lang3\3.1\commons-lang3-3.1.jar;C:\Users\ColleenMalone\.m2\repository\com\google\guava\guava\14.0.1\guava-14.0.1.jar;C:\Users\ColleenMalone\.m2\repository\uk\org\lidalia\lidalia-slf4j-ext\1.0.0\lidalia-slf4j-ext-1.0.0.jar;C:\Users\ColleenMalone\.m2\repository\joda-time\joda-time\2.2\joda-time-2.2.jar;C:\Users\ColleenMalone\.m2\repository\com\adobe\aem\aem-sdk-api\2022.2.6433.20220223T194056Z-220100\aem-sdk-api-2022.2.6433.20220223T194056Z-220100.jar;C:\Users\ColleenMalone\.m2\repository\org\osgi\osgi.core\8.0.0\osgi.core-8.0.0.jar;C:\Users\ColleenMalone\.m2\repository\org\osgi\org.osgi.annotation.versioning\1.1.2\org.osgi.annotation.versioning-1.1.2.jar;C:\Users\ColleenMalone\.m2\repository\org\osgi\org.osgi.annotation.bundle\1.1.1\org.osgi.annotation.bundle-1.1.1.jar;C:\Users\ColleenMalone\.m2\repository\org\osgi\org.osgi.service.metatype.annotations\1.4.1\org.osgi.service.metatype.annotations-1.4.1.jar;C:\Users\ColleenMalone\.m2\repository\org\osgi\osgi.annotation\8.0.1\osgi.annotation-8.0.1.jar;C:\Users\ColleenMalone\.m2\repository\org\osgi\org.osgi.namespace.extender\1.0.1\org.osgi.namespace.extender-1.0.1.jar;C:\Users\ColleenMalone\.m2\repository\org\osgi\org.osgi.namespace.implementation\1.0.0\org.osgi.namespace.implementation-1.0.0.jar;C:\Users\ColleenMalone\.m2\repository\org\osgi\org.osgi.service.component\1.4.0\org.osgi.service.component-1.4.0.jar;C:\Users\ColleenMalone\.m2\repository\org\osgi\org.osgi.service.component.annotations\1.4.0\org.osgi.service.component.annotations-1.4.0.jar;C:\Users\ColleenMalone\.m2\repository\org\apache\sling\org.apache.sling.servlets.annotations\1.2.6\org.apache.sling.servlets.annotations-1.2.6.jar;C:\Users\ColleenMalone\.m2\repository\com\adobe\cq\core.wcm.components.core\2.17.12\core.wcm.components.core-2.17.12.jar;C:\Users\ColleenMalone\.m2\repository\org\junit\jupiter\junit-jupiter\5.8.2\junit-jupiter-5.8.2.jar;C:\Users\ColleenMalone\.m2\repository\org\junit\jupiter\junit-jupiter-api\5.8.2\junit-jupiter-api-5.8.2.jar;C:\Users\ColleenMalone\.m2\repository\org\opentest4j\opentest4j\1.2.0\opentest4j-1.2.0.jar;C:\Users\ColleenMalone\.m2\repository\org\junit\platform\junit-platform-commons\1.8.2\junit-platform-commons-1.8.2.jar;C:\Users\ColleenMalone\.m2\repository\org\apiguardian\apiguardian-api\1.1.2\apiguardian-api-1.1.2.jar;C:\Users\ColleenMalone\.m2\repository\org\junit\jupiter\junit-jupiter-params\5.8.2\junit-jupiter-params-5.8.2.jar;C:\Users\ColleenMalone\.m2\repository\org\junit\jupiter\junit-jupiter-engine\5.8.2\junit-jupiter-engine-5.8.2.jar;C:\Users\ColleenMalone\.m2\repository\org\junit\platform\junit-platform-engine\1.8.2\junit-platform-engine-1.8.2.jar;C:\Users\ColleenMalone\.m2\repository\org\mockito\mockito-core\4.1.0\mockito-core-4.1.0.jar;C:\Users\ColleenMalone\.m2\repository\net\bytebuddy\byte-buddy\1.12.1\byte-buddy-1.12.1.jar;C:\Users\ColleenMalone\.m2\repository\net\bytebuddy\byte-buddy-agent\1.12.1\byte-buddy-agent-1.12.1.jar;C:\Users\ColleenMalone\.m2\repository\org\objenesis\objenesis\3.2\objenesis-3.2.jar;C:\Users\ColleenMalone\.m2\repository\org\mockito\mockito-junit-jupiter\4.1.0\mockito-junit-jupiter-4.1.0.jar;C:\Users\ColleenMalone\.m2\repository\junit-addons\junit-addons\1.4\junit-addons-1.4.jar;C:\Users\ColleenMalone\.m2\repository\junit\junit\3.8.1\junit-3.8.1.jar;C:\Users\ColleenMalone\.m2\repository\xerces\xercesImpl\2.6.2\xercesImpl-2.6.2.jar;C:\Users\ColleenMalone\.m2\repository\xerces\xmlParserAPIs\2.6.2\xmlParserAPIs-2.6.2.jar;C:\Users\ColleenMalone\.m2\repository\io\wcm\io.wcm.testing.aem-mock.junit5\4.1.8\io.wcm.testing.aem-mock.junit5-4.1.8.jar;C:\Users\ColleenMalone\.m2\repository\io\wcm\io.wcm.testing.aem-mock.core\4.1.8\io.wcm.testing.aem-mock.core-4.1.8.jar;C:\Users\ColleenMalone\.m2\repository\org\apache\sling\org.apache.sling.api\2.16.4\org.apache.sling.api-2.16.4.jar;C:\Users\ColleenMalone\.m2\repository\org\apache\jackrabbit\jackrabbit-jcr-commons\2.16.0\jackrabbit-jcr-commons-2.16.0.jar;C:\Users\ColleenMalone\.m2\repository\org\apache\sling\org.apache.sling.commons.osgi\2.4.0\org.apache.sling.commons.osgi-2.4.0.jar;C:\Users\ColleenMalone\.m2\repository\org\apache\sling\org.apache.sling.resourceresolver\1.5.34\org.apache.sling.resourceresolver-1.5.34.jar;C:\Users\ColleenMalone\.m2\repository\org\apache\sling\org.apache.sling.serviceusermapper\1.3.6\org.apache.sling.serviceusermapper-1.3.6.jar;C:\Users\ColleenMalone\.m2\repository\org\apache\sling\org.apache.sling.jcr.api\2.4.0\org.apache.sling.jcr.api-2.4.0.jar;C:\Users\ColleenMalone\.m2\repository\org\apache\sling\org.apache.sling.jcr.resource\3.0.8\org.apache.sling.jcr.resource-3.0.8.jar;C:\Users\ColleenMalone\.m2\repository\org\apache\sling\org.apache.sling.commons.mime\2.1.10\org.apache.sling.commons.mime-2.1.10.jar;C:\Users\ColleenMalone\.m2\repository\org\apache\sling\org.apache.sling.commons.json\2.0.20\org.apache.sling.commons.json-2.0.20.jar;C:\Users\ColleenMalone\.m2\repository\org\apache\sling\org.apache.sling.commons.classloader\1.4.2\org.apache.sling.commons.classloader-1.4.2.jar;C:\Users\ColleenMalone\.m2\repository\org\apache\sling\org.apache.sling.settings\1.3.8\org.apache.sling.settings-1.3.8.jar;C:\Users\ColleenMalone\.m2\repository\org\apache\sling\org.apache.sling.i18n\2.5.10\org.apache.sling.i18n-2.5.10.jar;C:\Users\ColleenMalone\.m2\repository\org\apache\sling\org.apache.sling.testing.jcr-mock\1.5.4\org.apache.sling.testing.jcr-mock-1.5.4.jar;C:\Users\ColleenMalone\.m2\repository\javax\jcr\jcr\2.0\jcr-2.0.jar;C:\Users\ColleenMalone\.m2\repository\org\apache\jackrabbit\jackrabbit-api\2.16.0\jackrabbit-api-2.16.0.jar;C:\Users\ColleenMalone\.m2\repository\org\apache\commons\commons-collections4\4.1\commons-collections4-4.1.jar;C:\Users\ColleenMalone\.m2\repository\org\apache\sling\org.apache.sling.testing.osgi-mock.core\3.2.2\org.apache.sling.testing.osgi-mock.core-3.2.2.jar;C:\Users\ColleenMalone\.m2\repository\org\osgi\org.osgi.framework\1.8.0\org.osgi.framework-1.8.0.jar;C:\Users\ColleenMalone\.m2\repository\org\osgi\org.osgi.service.cm\1.6.0\org.osgi.service.cm-1.6.0.jar;C:\Users\ColleenMalone\.m2\repository\org\osgi\org.osgi.service.event\1.3.1\org.osgi.service.event-1.3.1.jar;C:\Users\ColleenMalone\.m2\repository\org\osgi\org.osgi.service.log\1.3.0\org.osgi.service.log-1.3.0.jar;C:\Users\ColleenMalone\.m2\repository\commons-io\commons-io\2.5\commons-io-2.5.jar;C:\Users\ColleenMalone\.m2\repository\org\reflections\reflections\0.10.2\reflections-0.10.2.jar;C:\Users\ColleenMalone\.m2\repository\org\javassist\javassist\3.28.0-GA\javassist-3.28.0-GA.jar;C:\Users\ColleenMalone\.m2\repository\org\apache\sling\org.apache.sling.testing.sling-mock.core\3.2.2\org.apache.sling.testing.sling-mock.core-3.2.2.jar;C:\Users\ColleenMalone\.m2\repository\org\apache\sling\org.apache.sling.resourcebuilder\1.0.4\org.apache.sling.resourcebuilder-1.0.4.jar;C:\Users\ColleenMalone\.m2\repository\org\osgi\org.osgi.resource\1.0.0\org.osgi.resource-1.0.0.jar;C:\Users\ColleenMalone\.m2\repository\org\osgi\org.osgi.util.tracker\1.5.1\org.osgi.util.tracker-1.5.1.jar;C:\Users\ColleenMalone\.m2\repository\org\apache\sling\org.apache.sling.scripting.api\2.2.0\org.apache.sling.scripting.api-2.2.0.jar;C:\Users\ColleenMalone\.m2\repository\org\apache\sling\org.apache.sling.scripting.core\2.0.54\org.apache.sling.scripting.core-2.0.54.jar;C:\Users\ColleenMalone\.m2\repository\org\apache\felix\org.apache.felix.utils\1.9.0\org.apache.felix.utils-1.9.0.jar;C:\Users\ColleenMalone\.m2\repository\org\apache\johnzon\johnzon-core\1.1.1\johnzon-core-1.1.1.jar;C:\Users\ColleenMalone\.m2\repository\org\apache\sling\org.apache.sling.adapter\2.1.10\org.apache.sling.adapter-2.1.10.jar;C:\Users\ColleenMalone\.m2\repository\org\apache\sling\org.apache.sling.featureflags\1.2.2\org.apache.sling.featureflags-1.2.2.jar;C:\Users\ColleenMalone\.m2\repository\org\apache\jackrabbit\oak-jcr\1.8.2\oak-jcr-1.8.2.jar;C:\Users\ColleenMalone\.m2\repository\org\apache\jackrabbit\oak-api\1.8.2\oak-api-1.8.2.jar;C:\Users\ColleenMalone\.m2\repository\org\apache\jackrabbit\oak-core-spi\1.8.2\oak-core-spi-1.8.2.jar;C:\Users\ColleenMalone\.m2\repository\org\apache\jackrabbit\oak-store-spi\1.8.2\oak-store-spi-1.8.2.jar;C:\Users\ColleenMalone\.m2\repository\org\apache\jackrabbit\oak-query-spi\1.8.2\oak-query-spi-1.8.2.jar;C:\Users\ColleenMalone\.m2\repository\org\apache\jackrabbit\oak-security-spi\1.8.2\oak-security-spi-1.8.2.jar;C:\Users\ColleenMalone\.m2\repository\org\apache\jackrabbit\oak-core\1.8.2\oak-core-1.8.2.jar;C:\Users\ColleenMalone\.m2\repository\org\apache\jackrabbit\oak-blob-plugins\1.8.2\oak-blob-plugins-1.8.2.jar;C:\Users\ColleenMalone\.m2\repository\org\apache\jackrabbit\jackrabbit-data\2.16.0\jackrabbit-data-2.16.0.jar;C:\Users\ColleenMalone\.m2\repository\org\slf4j\jcl-over-slf4j\1.7.4\jcl-over-slf4j-1.7.4.jar;C:\Users\ColleenMalone\.m2\repository\org\apache\jackrabbit\oak-blob\1.8.2\oak-blob-1.8.2.jar;C:\Users\ColleenMalone\.m2\repository\org\apache\jackrabbit\oak-commons\1.8.2\oak-commons-1.8.2.jar;C:\Users\ColleenMalone\.m2\repository\commons-lang\commons-lang\2.6\commons-lang-2.6.jar;C:\Users\ColleenMalone\.m2\repository\org\apache\sling\org.apache.sling.contentparser.api\2.0.0\org.apache.sling.contentparser.api-2.0.0.jar;C:\Users\ColleenMalone\.m2\repository\org\apache\sling\org.apache.sling.contentparser.json\2.0.0\org.apache.sling.contentparser.json-2.0.0.jar;C:\Users\ColleenMalone\.m2\repository\org\apache\sling\org.apache.sling.contentparser.xml-jcr\2.0.0\org.apache.sling.contentparser.xml-jcr-2.0.0.jar;C:\Users\ColleenMalone\.m2\repository\org\apache\sling\org.apache.sling.fsresource\2.2.0\org.apache.sling.fsresource-2.2.0.jar;C:\Users\ColleenMalone\.m2\repository\org\apache\geronimo\specs\geronimo-atinject_1.0_spec\1.0\geronimo-atinject_1.0_spec-1.0.jar;C:\Users\ColleenMalone\.m2\repository\org\apache\geronimo\specs\geronimo-json_1.1_spec\1.0\geronimo-json_1.1_spec-1.0.jar;C:\Users\ColleenMalone\.m2\repository\org\apache\sling\org.apache.sling.testing.resourceresolver-mock\1.2.4\org.apache.sling.testing.resourceresolver-mock-1.2.4.jar;C:\Users\ColleenMalone\.m2\repository\org\apache\sling\org.apache.sling.servlet-helpers\1.4.2\org.apache.sling.servlet-helpers-1.4.2.jar;C:\Users\ColleenMalone\.m2\repository\org\apache\jackrabbit\vault\org.apache.jackrabbit.vault\3.1.44\org.apache.jackrabbit.vault-3.1.44.jar;C:\Users\ColleenMalone\.m2\repository\org\apache\commons\commons-imaging\1.0-alpha1\commons-imaging-1.0-alpha1.jar;C:\Users\ColleenMalone\.m2\repository\javax\servlet\javax.servlet-api\3.1.0\javax.servlet-api-3.1.0.jar;C:\Users\ColleenMalone\.m2\repository\javax\servlet\jsp\jsp-api\2.1\jsp-api-2.1.jar;C:\Users\ColleenMalone\.m2\repository\com\day\commons\day-commons-gfx\2.1.28\day-commons-gfx-2.1.28.jar;C:\Users\ColleenMalone\.m2\repository\com\day\commons\day-commons-any\2.0.0\day-commons-any-2.0.0.jar;C:\Users\ColleenMalone\.m2\repository\com\day\commons\day-commons-text\1.1.3\day-commons-text-1.1.3.jar;C:\Users\ColleenMalone\.m2\repository\org\apache\sling\org.apache.sling.testing.hamcrest\1.0.2\org.apache.sling.testing.hamcrest-1.0.2.jar;C:\Users\ColleenMalone\.m2\repository\org\hamcrest\hamcrest-library\1.3\hamcrest-library-1.3.jar;C:\Users\ColleenMalone\.m2\repository\org\hamcrest\hamcrest-core\1.3\hamcrest-core-1.3.jar;C:\Users\ColleenMalone\.m2\repository\org\apache\sling\org.apache.sling.xss\2.0.0\org.apache.sling.xss-2.0.0.jar;C:\Users\ColleenMalone\.m2\repository\org\apache\sling\org.apache.sling.testing.caconfig-mock-plugin\1.3.6\org.apache.sling.testing.caconfig-mock-plugin-1.3.6.jar;C:\Users\ColleenMalone\.m2\repository\org\apache\sling\org.apache.sling.caconfig.api\1.1.0\org.apache.sling.caconfig.api-1.1.0.jar;C:\Users\ColleenMalone\.m2\repository\org\apache\sling\org.apache.sling.caconfig.spi\1.3.0\org.apache.sling.caconfig.spi-1.3.0.jar;C:\Users\ColleenMalone\.m2\repository\org\apache\sling\org.apache.sling.caconfig.impl\1.4.0\org.apache.sling.caconfig.impl-1.4.0.jar;C:\Users\ColleenMalone\.m2\repository\commons-collections\commons-collections\3.2.1\commons-collections-3.2.1.jar;C:\Users\ColleenMalone\.m2\repository\com\adobe\cq\core.wcm.components.testing.aem-mock-plugin\2.17.12\core.wcm.components.testing.aem-mock-plugin-2.17.12.jar;C:\Users\ColleenMalone\.m2\repository\org\apache\sling\org.apache.sling.models.impl\1.4.4\org.apache.sling.models.impl-1.4.4.jar;C:\Users\ColleenMalone\.m2\repository\commons-beanutils\commons-beanutils\1.8.3\commons-beanutils-1.8.3.jar;C:\Users\ColleenMalone\.m2\repository\commons-logging\commons-logging\1.1.1\commons-logging-1.1.1.jar;C:\Users\ColleenMalone\.m2\repository\org\springframework\boot\spring-boot-starter-data-jpa\2.6.4\spring-boot-starter-data-jpa-2.6.4.jar;C:\Users\ColleenMalone\.m2\repository\org\springframework\boot\spring-boot-starter-aop\2.6.4\spring-boot-starter-aop-2.6.4.jar;C:\Users\ColleenMalone\.m2\repository\org\springframework\boot\spring-boot-starter-jdbc\2.6.4\spring-boot-starter-jdbc-2.6.4.jar;C:\Users\ColleenMalone\.m2\repository\com\zaxxer\HikariCP\4.0.3\HikariCP-4.0.3.jar;C:\Users\ColleenMalone\.m2\repository\org\springframework\spring-jdbc\5.3.16\spring-jdbc-5.3.16.jar;C:\Users\ColleenMalone\.m2\repository\jakarta\transaction\jakarta.transaction-api\1.3.3\jakarta.transaction-api-1.3.3.jar;C:\Users\ColleenMalone\.m2\repository\jakarta\persistence\jakarta.persistence-api\2.2.3\jakarta.persistence-api-2.2.3.jar;C:\Users\ColleenMalone\.m2\repository\org\hibernate\hibernate-core\5.6.5.Final\hibernate-core-5.6.5.Final.jar;C:\Users\ColleenMalone\.m2\repository\org\jboss\logging\jboss-logging\3.4.3.Final\jboss-logging-3.4.3.Final.jar;C:\Users\ColleenMalone\.m2\repository\antlr\antlr\2.7.7\antlr-2.7.7.jar;C:\Users\ColleenMalone\.m2\repository\org\jboss\jandex\2.4.2.Final\jandex-2.4.2.Final.jar;C:\Users\ColleenMalone\.m2\repository\com\fasterxml\classmate\1.5.1\classmate-1.5.1.jar;C:\Users\ColleenMalone\.m2\repository\org\hibernate\common\hibernate-commons-annotations\5.1.2.Final\hibernate-commons-annotations-5.1.2.Final.jar;C:\Users\ColleenMalone\.m2\repository\org\glassfish\jaxb\jaxb-runtime\2.3.1\jaxb-runtime-2.3.1.jar;C:\Users\ColleenMalone\.m2\repository\org\glassfish\jaxb\txw2\2.3.1\txw2-2.3.1.jar;C:\Users\ColleenMalone\.m2\repository\com\sun\istack\istack-commons-runtime\3.0.7\istack-commons-runtime-3.0.7.jar;C:\Users\ColleenMalone\.m2\repository\org\jvnet\staxex\stax-ex\1.8\stax-ex-1.8.jar;C:\Users\ColleenMalone\.m2\repository\com\sun\xml\fastinfoset\FastInfoset\1.2.15\FastInfoset-1.2.15.jar;C:\Users\ColleenMalone\.m2\repository\org\springframework\data\spring-data-jpa\2.6.2\spring-data-jpa-2.6.2.jar;C:\Users\ColleenMalone\.m2\repository\org\springframework\data\spring-data-commons\2.6.2\spring-data-commons-2.6.2.jar;C:\Users\ColleenMalone\.m2\repository\org\springframework\spring-orm\5.3.16\spring-orm-5.3.16.jar;C:\Users\ColleenMalone\.m2\repository\org\springframework\spring-tx\5.3.16\spring-tx-5.3.16.jar;C:\Users\ColleenMalone\.m2\repository\org\springframework\spring-aspects\5.3.16\spring-aspects-5.3.16.jar;C:\Users\ColleenMalone\.m2\repository\org\springframework\boot\spring-boot-starter-mail\2.6.4\spring-boot-starter-mail-2.6.4.jar;C:\Users\ColleenMalone\.m2\repository\org\springframework\spring-context-support\5.3.16\spring-context-support-5.3.16.jar;C:\Users\ColleenMalone\.m2\repository\com\sun\mail\jakarta.mail\1.6.7\jakarta.mail-1.6.7.jar;C:\Users\ColleenMalone\.m2\repository\com\sun\activation\jakarta.activation\1.2.1\jakarta.activation-1.2.1.jar;C:\Users\ColleenMalone\.m2\repository\org\springframework\boot\spring-boot-starter-web\2.6.4\spring-boot-starter-web-2.6.4.jar;C:\Users\ColleenMalone\.m2\repository\org\springframework\boot\spring-boot-starter-json\2.6.4\spring-boot-starter-json-2.6.4.jar;C:\Users\ColleenMalone\.m2\repository\com\fasterxml\jackson\core\jackson-databind\2.13.1\jackson-databind-2.13.1.jar;C:\Users\ColleenMalone\.m2\repository\com\fasterxml\jackson\core\jackson-annotations\2.13.1\jackson-annotations-2.13.1.jar;C:\Users\ColleenMalone\.m2\repository\com\fasterxml\jackson\datatype\jackson-datatype-jdk8\2.13.1\jackson-datatype-jdk8-2.13.1.jar;C:\Users\ColleenMalone\.m2\repository\com\fasterxml\jackson\datatype\jackson-datatype-jsr310\2.13.1\jackson-datatype-jsr310-2.13.1.jar;C:\Users\ColleenMalone\.m2\repository\com\fasterxml\jackson\module\jackson-module-parameter-names\2.13.1\jackson-module-parameter-names-2.13.1.jar;C:\Users\ColleenMalone\.m2\repository\org\springframework\boot\spring-boot-starter-tomcat\2.6.4\spring-boot-starter-tomcat-2.6.4.jar;C:\Users\ColleenMalone\.m2\repository\org\apache\tomcat\embed\tomcat-embed-core\9.0.58\tomcat-embed-core-9.0.58.jar;C:\Users\ColleenMalone\.m2\repository\org\apache\tomcat\embed\tomcat-embed-websocket\9.0.58\tomcat-embed-websocket-9.0.58.jar;C:\Users\ColleenMalone\.m2\repository\org\springframework\spring-web\5.3.16\spring-web-5.3.16.jar;C:\Users\ColleenMalone\.m2\repository\org\springframework\spring-webmvc\5.3.16\spring-webmvc-5.3.16.jar;C:\Users\ColleenMalone\.m2\repository\org\postgresql\postgresql\42.3.3\postgresql-42.3.3.jar;C:\Users\ColleenMalone\.m2\repository\org\checkerframework\checker-qual\3.5.0\checker-qual-3.5.0.jar;C:\Users\ColleenMalone\.m2\repository\org\springframework\boot\spring-boot-starter-test\2.6.4\spring-boot-starter-test-2.6.4.jar;C:\Users\ColleenMalone\.m2\repository\org\springframework\boot\spring-boot-test\2.6.4\spring-boot-test-2.6.4.jar;C:\Users\ColleenMalone\.m2\repository\org\springframework\boot\spring-boot-test-autoconfigure\2.6.4\spring-boot-test-autoconfigure-2.6.4.jar;C:\Users\ColleenMalone\.m2\repository\com\jayway\jsonpath\json-path\2.6.0\json-path-2.6.0.jar;C:\Users\ColleenMalone\.m2\repository\net\minidev\json-smart\2.4.7\json-smart-2.4.7.jar;C:\Users\ColleenMalone\.m2\repository\net\minidev\accessors-smart\2.4.7\accessors-smart-2.4.7.jar;C:\Users\ColleenMalone\.m2\repository\org\ow2\asm\asm\9.1\asm-9.1.jar;C:\Users\ColleenMalone\.m2\repository\jakarta\xml\bind\jakarta.xml.bind-api\2.3.3\jakarta.xml.bind-api-2.3.3.jar;C:\Users\ColleenMalone\.m2\repository\jakarta\activation\jakarta.activation-api\1.2.2\jakarta.activation-api-1.2.2.jar;C:\Users\ColleenMalone\.m2\repository\org\assertj\assertj-core\3.21.0\assertj-core-3.21.0.jar;C:\Users\ColleenMalone\.m2\repository\org\hamcrest\hamcrest\2.2\hamcrest-2.2.jar;C:\Users\ColleenMalone\.m2\repository\org\skyscreamer\jsonassert\1.5.0\jsonassert-1.5.0.jar;C:\Users\ColleenMalone\.m2\repository\com\vaadin\external\google\android-json\0.0.20131108.vaadin1\android-json-0.0.20131108.vaadin1.jar;C:\Users\ColleenMalone\.m2\repository\org\springframework\spring-core\5.3.16\spring-core-5.3.16.jar;C:\Users\ColleenMalone\.m2\repository\org\springframework\spring-jcl\5.3.16\spring-jcl-5.3.16.jar;C:\Users\ColleenMalone\.m2\repository\org\springframework\spring-test\5.3.16\spring-test-5.3.16.jar;C:\Users\ColleenMalone\.m2\repository\org\xmlunit\xmlunit-core\2.8.4\xmlunit-core-2.8.4.jar;C:\Users\ColleenMalone\.m2\repository\com\amazonaws\aws-java-sdk\1.12.131\aws-java-sdk-1.12.131.jar;C:\Users\ColleenMalone\.m2\repository\com\amazonaws\aws-java-sdk-amplifyuibuilder\1.12.131\aws-java-sdk-amplifyuibuilder-1.12.131.jar;C:\Users\ColleenMalone\.m2\repository\com\amazonaws\jmespath-java\1.12.131\jmespath-java-1.12.131.jar;C:\Users\ColleenMalone\.m2\repository\com\amazonaws\aws-java-sdk-backupgateway\1.12.131\aws-java-sdk-backupgateway-1.12.131.jar;C:\Users\ColleenMalone\.m2\repository\com\amazonaws\aws-java-sdk-workspacesweb\1.12.131\aws-java-sdk-workspacesweb-1.12.131.jar;C:\Users\ColleenMalone\.m2\repository\com\amazonaws\aws-java-sdk-iottwinmaker\1.12.131\aws-java-sdk-iottwinmaker-1.12.131.jar;C:\Users\ColleenMalone\.m2\repository\com\amazonaws\aws-java-sdk-recyclebin\1.12.131\aws-java-sdk-recyclebin-1.12.131.jar;C:\Users\ColleenMalone\.m2\repository\com\amazonaws\aws-java-sdk-cloudwatchrum\1.12.131\aws-java-sdk-cloudwatchrum-1.12.131.jar;C:\Users\ColleenMalone\.m2\repository\com\amazonaws\aws-java-sdk-cloudwatchevidently\1.12.131\aws-java-sdk-cloudwatchevidently-1.12.131.jar;C:\Users\ColleenMalone\.m2\repository\com\amazonaws\aws-java-sdk-inspector2\1.12.131\aws-java-sdk-inspector2-1.12.131.jar;C:\Users\ColleenMalone\.m2\repository\com\amazonaws\aws-java-sdk-migrationhubrefactorspaces\1.12.131\aws-java-sdk-migrationhubrefactorspaces-1.12.131.jar;C:\Users\ColleenMalone\.m2\repository\com\amazonaws\aws-java-sdk-appconfigdata\1.12.131\aws-java-sdk-appconfigdata-1.12.131.jar;C:\Users\ColleenMalone\.m2\repository\com\amazonaws\aws-java-sdk-drs\1.12.131\aws-java-sdk-drs-1.12.131.jar;C:\Users\ColleenMalone\.m2\repository\com\amazonaws\aws-java-sdk-migrationhubstrategyrecommendations\1.12.131\aws-java-sdk-migrationhubstrategyrecommendations-1.12.131.jar;C:\Users\ColleenMalone\.m2\repository\com\amazonaws\aws-java-sdk-resiliencehub\1.12.131\aws-java-sdk-resiliencehub-1.12.131.jar;C:\Users\ColleenMalone\.m2\repository\com\amazonaws\aws-java-sdk-chimesdkmeetings\1.12.131\aws-java-sdk-chimesdkmeetings-1.12.131.jar;C:\Users\ColleenMalone\.m2\repository\com\amazonaws\aws-java-sdk-panorama\1.12.131\aws-java-sdk-panorama-1.12.131.jar;C:\Users\ColleenMalone\.m2\repository\com\amazonaws\aws-java-sdk-managedgrafana\1.12.131\aws-java-sdk-managedgrafana-1.12.131.jar;C:\Users\ColleenMalone\.m2\repository\com\amazonaws\aws-java-sdk-cloudcontrolapi\1.12.131\aws-java-sdk-cloudcontrolapi-1.12.131.jar;C:\Users\ColleenMalone\.m2\repository\com\amazonaws\aws-java-sdk-account\1.12.131\aws-java-sdk-account-1.12.131.jar;C:\Users\ColleenMalone\.m2\repository\com\amazonaws\aws-java-sdk-voiceid\1.12.131\aws-java-sdk-voiceid-1.12.131.jar;C:\Users\ColleenMalone\.m2\repository\com\amazonaws\aws-java-sdk-connectwisdom\1.12.131\aws-java-sdk-connectwisdom-1.12.131.jar;C:\Users\ColleenMalone\.m2\repository\com\amazonaws\aws-java-sdk-kafkaconnect\1.12.131\aws-java-sdk-kafkaconnect-1.12.131.jar;C:\Users\ColleenMalone\.m2\repository\com\amazonaws\aws-java-sdk-opensearch\1.12.131\aws-java-sdk-opensearch-1.12.131.jar;C:\Users\ColleenMalone\.m2\repository\com\amazonaws\aws-java-sdk-memorydb\1.12.131\aws-java-sdk-memorydb-1.12.131.jar;C:\Users\ColleenMalone\.m2\repository\com\amazonaws\aws-java-sdk-snowdevicemanagement\1.12.131\aws-java-sdk-snowdevicemanagement-1.12.131.jar;C:\Users\ColleenMalone\.m2\repository\com\amazonaws\aws-java-sdk-chimesdkidentity\1.12.131\aws-java-sdk-chimesdkidentity-1.12.131.jar;C:\Users\ColleenMalone\.m2\repository\com\amazonaws\aws-java-sdk-chimesdkmessaging\1.12.131\aws-java-sdk-chimesdkmessaging-1.12.131.jar;C:\Users\ColleenMalone\.m2\repository\com\amazonaws\aws-java-sdk-route53recoverycluster\1.12.131\aws-java-sdk-route53recoverycluster-1.12.131.jar;C:\Users\ColleenMalone\.m2\repository\com\amazonaws\aws-java-sdk-route53recoverycontrolconfig\1.12.131\aws-java-sdk-route53recoverycontrolconfig-1.12.131.jar;C:\Users\ColleenMalone\.m2\repository\com\amazonaws\aws-java-sdk-route53recoveryreadiness\1.12.131\aws-java-sdk-route53recoveryreadiness-1.12.131.jar;C:\Users\ColleenMalone\.m2\repository\com\amazonaws\aws-java-sdk-proton\1.12.131\aws-java-sdk-proton-1.12.131.jar;C:\Users\ColleenMalone\.m2\repository\com\amazonaws\aws-java-sdk-apprunner\1.12.131\aws-java-sdk-apprunner-1.12.131.jar;C:\Users\ColleenMalone\.m2\repository\com\amazonaws\aws-java-sdk-applicationcostprofiler\1.12.131\aws-java-sdk-applicationcostprofiler-1.12.131.jar;C:\Users\ColleenMalone\.m2\repository\com\amazonaws\aws-java-sdk-ssmcontacts\1.12.131\aws-java-sdk-ssmcontacts-1.12.131.jar;C:\Users\ColleenMalone\.m2\repository\com\amazonaws\aws-java-sdk-ssmincidents\1.12.131\aws-java-sdk-ssmincidents-1.12.131.jar;C:\Users\ColleenMalone\.m2\repository\com\amazonaws\aws-java-sdk-finspacedata\1.12.131\aws-java-sdk-finspacedata-1.12.131.jar;C:\Users\ColleenMalone\.m2\repository\com\amazonaws\aws-java-sdk-finspace\1.12.131\aws-java-sdk-finspace-1.12.131.jar;C:\Users\ColleenMalone\.m2\repository\com\amazonaws\aws-java-sdk-nimblestudio\1.12.131\aws-java-sdk-nimblestudio-1.12.131.jar;C:\Users\ColleenMalone\.m2\repository\com\amazonaws\aws-java-sdk-lookoutequipment\1.12.131\aws-java-sdk-lookoutequipment-1.12.131.jar;C:\Users\ColleenMalone\.m2\repository\com\amazonaws\aws-java-sdk-mgn\1.12.131\aws-java-sdk-mgn-1.12.131.jar;C:\Users\ColleenMalone\.m2\repository\com\amazonaws\aws-java-sdk-lookoutmetrics\1.12.131\aws-java-sdk-lookoutmetrics-1.12.131.jar;C:\Users\ColleenMalone\.m2\repository\com\amazonaws\aws-java-sdk-fis\1.12.131\aws-java-sdk-fis-1.12.131.jar;C:\Users\ColleenMalone\.m2\repository\com\amazonaws\aws-java-sdk-lexmodelsv2\1.12.131\aws-java-sdk-lexmodelsv2-1.12.131.jar;C:\Users\ColleenMalone\.m2\repository\com\amazonaws\aws-java-sdk-lexruntimev2\1.12.131\aws-java-sdk-lexruntimev2-1.12.131.jar;C:\Users\ColleenMalone\.m2\repository\com\amazonaws\aws-java-sdk-wellarchitected\1.12.131\aws-java-sdk-wellarchitected-1.12.131.jar;C:\Users\ColleenMalone\.m2\repository\com\amazonaws\aws-java-sdk-location\1.12.131\aws-java-sdk-location-1.12.131.jar;C:\Users\ColleenMalone\.m2\repository\com\amazonaws\aws-java-sdk-iotdeviceadvisor\1.12.131\aws-java-sdk-iotdeviceadvisor-1.12.131.jar;C:\Users\ColleenMalone\.m2\repository\com\amazonaws\aws-java-sdk-iotfleethub\1.12.131\aws-java-sdk-iotfleethub-1.12.131.jar;C:\Users\ColleenMalone\.m2\repository\com\amazonaws\aws-java-sdk-iotwireless\1.12.131\aws-java-sdk-iotwireless-1.12.131.jar;C:\Users\ColleenMalone\.m2\repository\com\amazonaws\aws-java-sdk-greengrassv2\1.12.131\aws-java-sdk-greengrassv2-1.12.131.jar;C:\Users\ColleenMalone\.m2\repository\com\amazonaws\aws-java-sdk-prometheus\1.12.131\aws-java-sdk-prometheus-1.12.131.jar;C:\Users\ColleenMalone\.m2\repository\com\amazonaws\aws-java-sdk-auditmanager\1.12.131\aws-java-sdk-auditmanager-1.12.131.jar;C:\Users\ColleenMalone\.m2\repository\com\amazonaws\aws-java-sdk-healthlake\1.12.131\aws-java-sdk-healthlake-1.12.131.jar;C:\Users\ColleenMalone\.m2\repository\com\amazonaws\aws-java-sdk-sagemakeredgemanager\1.12.131\aws-java-sdk-sagemakeredgemanager-1.12.131.jar;C:\Users\ColleenMalone\.m2\repository\com\amazonaws\aws-java-sdk-emrcontainers\1.12.131\aws-java-sdk-emrcontainers-1.12.131.jar;C:\Users\ColleenMalone\.m2\repository\com\amazonaws\aws-java-sdk-customerprofiles\1.12.131\aws-java-sdk-customerprofiles-1.12.131.jar;C:\Users\ColleenMalone\.m2\repository\com\amazonaws\aws-java-sdk-lookoutforvision\1.12.131\aws-java-sdk-lookoutforvision-1.12.131.jar;C:\Users\ColleenMalone\.m2\repository\com\amazonaws\aws-java-sdk-connectcontactlens\1.12.131\aws-java-sdk-connectcontactlens-1.12.131.jar;C:\Users\ColleenMalone\.m2\repository\com\amazonaws\aws-java-sdk-amplifybackend\1.12.131\aws-java-sdk-amplifybackend-1.12.131.jar;C:\Users\ColleenMalone\.m2\repository\com\amazonaws\aws-java-sdk-ecrpublic\1.12.131\aws-java-sdk-ecrpublic-1.12.131.jar;C:\Users\ColleenMalone\.m2\repository\com\amazonaws\aws-java-sdk-appintegrations\1.12.131\aws-java-sdk-appintegrations-1.12.131.jar;C:\Users\ColleenMalone\.m2\repository\com\amazonaws\aws-java-sdk-sagemakerfeaturestoreruntime\1.12.131\aws-java-sdk-sagemakerfeaturestoreruntime-1.12.131.jar;C:\Users\ColleenMalone\.m2\repository\com\amazonaws\aws-java-sdk-devopsguru\1.12.131\aws-java-sdk-devopsguru-1.12.131.jar;C:\Users\ColleenMalone\.m2\repository\com\amazonaws\aws-java-sdk-mwaa\1.12.131\aws-java-sdk-mwaa-1.12.131.jar;C:\Users\ColleenMalone\.m2\repository\com\amazonaws\aws-java-sdk-networkfirewall\1.12.131\aws-java-sdk-networkfirewall-1.12.131.jar;C:\Users\ColleenMalone\.m2\repository\com\amazonaws\aws-java-sdk-appregistry\1.12.131\aws-java-sdk-appregistry-1.12.131.jar;C:\Users\ColleenMalone\.m2\repository\com\amazonaws\aws-java-sdk-gluedatabrew\1.12.131\aws-java-sdk-gluedatabrew-1.12.131.jar;C:\Users\ColleenMalone\.m2\repository\com\amazonaws\aws-java-sdk-s3outposts\1.12.131\aws-java-sdk-s3outposts-1.12.131.jar;C:\Users\ColleenMalone\.m2\repository\com\amazonaws\aws-java-sdk-timestreamquery\1.12.131\aws-java-sdk-timestreamquery-1.12.131.jar;C:\Users\ColleenMalone\.m2\repository\com\amazonaws\aws-java-sdk-timestreamwrite\1.12.131\aws-java-sdk-timestreamwrite-1.12.131.jar;C:\Users\ColleenMalone\.m2\repository\com\amazonaws\aws-java-sdk-ssoadmin\1.12.131\aws-java-sdk-ssoadmin-1.12.131.jar;C:\Users\ColleenMalone\.m2\repository\com\amazonaws\aws-java-sdk-redshiftdataapi\1.12.131\aws-java-sdk-redshiftdataapi-1.12.131.jar;C:\Users\ColleenMalone\.m2\repository\com\amazonaws\aws-java-sdk-appflow\1.12.131\aws-java-sdk-appflow-1.12.131.jar;C:\Users\ColleenMalone\.m2\repository\com\amazonaws\aws-java-sdk-identitystore\1.12.131\aws-java-sdk-identitystore-1.12.131.jar;C:\Users\ColleenMalone\.m2\repository\com\amazonaws\aws-java-sdk-braket\1.12.131\aws-java-sdk-braket-1.12.131.jar;C:\Users\ColleenMalone\.m2\repository\com\amazonaws\aws-java-sdk-ivs\1.12.131\aws-java-sdk-ivs-1.12.131.jar;C:\Users\ColleenMalone\.m2\repository\com\amazonaws\aws-java-sdk-honeycode\1.12.131\aws-java-sdk-honeycode-1.12.131.jar;C:\Users\ColleenMalone\.m2\repository\com\amazonaws\aws-java-sdk-codeartifact\1.12.131\aws-java-sdk-codeartifact-1.12.131.jar;C:\Users\ColleenMalone\.m2\repository\com\amazonaws\aws-java-sdk-macie2\1.12.131\aws-java-sdk-macie2-1.12.131.jar;C:\Users\ColleenMalone\.m2\repository\com\amazonaws\aws-java-sdk-iotsitewise\1.12.131\aws-java-sdk-iotsitewise-1.12.131.jar;C:\Users\ColleenMalone\.m2\repository\com\amazonaws\aws-java-sdk-synthetics\1.12.131\aws-java-sdk-synthetics-1.12.131.jar;C:\Users\ColleenMalone\.m2\repository\com\amazonaws\aws-java-sdk-codestarconnections\1.12.131\aws-java-sdk-codestarconnections-1.12.131.jar;C:\Users\ColleenMalone\.m2\repository\com\amazonaws\aws-java-sdk-detective\1.12.131\aws-java-sdk-detective-1.12.131.jar;C:\Users\ColleenMalone\.m2\repository\com\amazonaws\aws-java-sdk-kinesisvideosignalingchannels\1.12.131\aws-java-sdk-kinesisvideosignalingchannels-1.12.131.jar;C:\Users\ColleenMalone\.m2\repository\com\amazonaws\aws-java-sdk-ebs\1.12.131\aws-java-sdk-ebs-1.12.131.jar;C:\Users\ColleenMalone\.m2\repository\com\amazonaws\aws-java-sdk-augmentedairuntime\1.12.131\aws-java-sdk-augmentedairuntime-1.12.131.jar;C:\Users\ColleenMalone\.m2\repository\com\amazonaws\aws-java-sdk-outposts\1.12.131\aws-java-sdk-outposts-1.12.131.jar;C:\Users\ColleenMalone\.m2\repository\com\amazonaws\aws-java-sdk-codeguruprofiler\1.12.131\aws-java-sdk-codeguruprofiler-1.12.131.jar;C:\Users\ColleenMalone\.m2\repository\com\amazonaws\aws-java-sdk-codegurureviewer\1.12.131\aws-java-sdk-codegurureviewer-1.12.131.jar;C:\Users\ColleenMalone\.m2\repository\com\amazonaws\aws-java-sdk-frauddetector\1.12.131\aws-java-sdk-frauddetector-1.12.131.jar;C:\Users\ColleenMalone\.m2\repository\com\amazonaws\aws-java-sdk-kendra\1.12.131\aws-java-sdk-kendra-1.12.131.jar;C:\Users\ColleenMalone\.m2\repository\com\amazonaws\aws-java-sdk-networkmanager\1.12.131\aws-java-sdk-networkmanager-1.12.131.jar;C:\Users\ColleenMalone\.m2\repository\com\amazonaws\aws-java-sdk-computeoptimizer\1.12.131\aws-java-sdk-computeoptimizer-1.12.131.jar;C:\Users\ColleenMalone\.m2\repository\com\amazonaws\aws-java-sdk-accessanalyzer\1.12.131\aws-java-sdk-accessanalyzer-1.12.131.jar;C:\Users\ColleenMalone\.m2\repository\com\amazonaws\aws-java-sdk-schemas\1.12.131\aws-java-sdk-schemas-1.12.131.jar;C:\Users\ColleenMalone\.m2\repository\com\amazonaws\aws-java-sdk-imagebuilder\1.12.131\aws-java-sdk-imagebuilder-1.12.131.jar;C:\Users\ColleenMalone\.m2\repository\com\amazonaws\aws-java-sdk-elasticinference\1.12.131\aws-java-sdk-elasticinference-1.12.131.jar;C:\Users\ColleenMalone\.m2\repository\com\amazonaws\aws-java-sdk-iotsecuretunneling\1.12.131\aws-java-sdk-iotsecuretunneling-1.12.131.jar;C:\Users\ColleenMalone\.m2\repository\com\amazonaws\aws-java-sdk-appconfig\1.12.131\aws-java-sdk-appconfig-1.12.131.jar;C:\Users\ColleenMalone\.m2\repository\com\amazonaws\aws-java-sdk-wafv2\1.12.131\aws-java-sdk-wafv2-1.12.131.jar;C:\Users\ColleenMalone\.m2\repository\com\amazonaws\aws-java-sdk-connectparticipant\1.12.131\aws-java-sdk-connectparticipant-1.12.131.jar;C:\Users\ColleenMalone\.m2\repository\com\amazonaws\aws-java-sdk-migrationhubconfig\1.12.131\aws-java-sdk-migrationhubconfig-1.12.131.jar;C:\Users\ColleenMalone\.m2\repository\com\amazonaws\aws-java-sdk-dataexchange\1.12.131\aws-java-sdk-dataexchange-1.12.131.jar;C:\Users\ColleenMalone\.m2\repository\com\amazonaws\aws-java-sdk-sesv2\1.12.131\aws-java-sdk-sesv2-1.12.131.jar;C:\Users\ColleenMalone\.m2\repository\com\amazonaws\aws-java-sdk-marketplacecatalog\1.12.131\aws-java-sdk-marketplacecatalog-1.12.131.jar;C:\Users\ColleenMalone\.m2\repository\com\amazonaws\aws-java-sdk-ssooidc\1.12.131\aws-java-sdk-ssooidc-1.12.131.jar;C:\Users\ColleenMalone\.m2\repository\com\amazonaws\aws-java-sdk-sso\1.12.131\aws-java-sdk-sso-1.12.131.jar;C:\Users\ColleenMalone\.m2\repository\com\amazonaws\aws-java-sdk-savingsplans\1.12.131\aws-java-sdk-savingsplans-1.12.131.jar;C:\Users\ColleenMalone\.m2\repository\com\amazonaws\aws-java-sdk-codestarnotifications\1.12.131\aws-java-sdk-codestarnotifications-1.12.131.jar;C:\Users\ColleenMalone\.m2\repository\com\amazonaws\aws-java-sdk-workmailmessageflow\1.12.131\aws-java-sdk-workmailmessageflow-1.12.131.jar;C:\Users\ColleenMalone\.m2\repository\com\amazonaws\aws-java-sdk-qldbsession\1.12.131\aws-java-sdk-qldbsession-1.12.131.jar;C:\Users\ColleenMalone\.m2\repository\com\amazonaws\aws-java-sdk-qldb\1.12.131\aws-java-sdk-qldb-1.12.131.jar;C:\Users\ColleenMalone\.m2\repository\com\amazonaws\aws-java-sdk-forecastquery\1.12.131\aws-java-sdk-forecastquery-1.12.131.jar;C:\Users\ColleenMalone\.m2\repository\com\amazonaws\aws-java-sdk-forecast\1.12.131\aws-java-sdk-forecast-1.12.131.jar;C:\Users\ColleenMalone\.m2\repository\com\amazonaws\aws-java-sdk-lakeformation\1.12.131\aws-java-sdk-lakeformation-1.12.131.jar;C:\Users\ColleenMalone\.m2\repository\com\amazonaws\aws-java-sdk-eventbridge\1.12.131\aws-java-sdk-eventbridge-1.12.131.jar;C:\Users\ColleenMalone\.m2\repository\com\amazonaws\aws-java-sdk-ec2instanceconnect\1.12.131\aws-java-sdk-ec2instanceconnect-1.12.131.jar;C:\Users\ColleenMalone\.m2\repository\com\amazonaws\aws-java-sdk-applicationinsights\1.12.131\aws-java-sdk-applicationinsights-1.12.131.jar;C:\Users\ColleenMalone\.m2\repository\com\amazonaws\aws-java-sdk-servicequotas\1.12.131\aws-java-sdk-servicequotas-1.12.131.jar;C:\Users\ColleenMalone\.m2\repository\com\amazonaws\aws-java-sdk-personalizeevents\1.12.131\aws-java-sdk-personalizeevents-1.12.131.jar;C:\Users\ColleenMalone\.m2\repository\com\amazonaws\aws-java-sdk-personalize\1.12.131\aws-java-sdk-personalize-1.12.131.jar;C:\Users\ColleenMalone\.m2\repository\com\amazonaws\aws-java-sdk-personalizeruntime\1.12.131\aws-java-sdk-personalizeruntime-1.12.131.jar;C:\Users\ColleenMalone\.m2\repository\com\amazonaws\aws-java-sdk-ioteventsdata\1.12.131\aws-java-sdk-ioteventsdata-1.12.131.jar;C:\Users\ColleenMalone\.m2\repository\com\amazonaws\aws-java-sdk-iotevents\1.12.131\aws-java-sdk-iotevents-1.12.131.jar;C:\Users\ColleenMalone\.m2\repository\com\amazonaws\aws-java-sdk-iotthingsgraph\1.12.131\aws-java-sdk-iotthingsgraph-1.12.131.jar;C:\Users\ColleenMalone\.m2\repository\com\amazonaws\aws-java-sdk-groundstation\1.12.131\aws-java-sdk-groundstation-1.12.131.jar;C:\Users\ColleenMalone\.m2\repository\com\amazonaws\aws-java-sdk-mediapackagevod\1.12.131\aws-java-sdk-mediapackagevod-1.12.131.jar;C:\Users\ColleenMalone\.m2\repository\com\amazonaws\aws-java-sdk-managedblockchain\1.12.131\aws-java-sdk-managedblockchain-1.12.131.jar;C:\Users\ColleenMalone\.m2\repository\com\amazonaws\aws-java-sdk-textract\1.12.131\aws-java-sdk-textract-1.12.131.jar;C:\Users\ColleenMalone\.m2\repository\com\amazonaws\aws-java-sdk-worklink\1.12.131\aws-java-sdk-worklink-1.12.131.jar;C:\Users\ColleenMalone\.m2\repository\com\amazonaws\aws-java-sdk-backup\1.12.131\aws-java-sdk-backup-1.12.131.jar;C:\Users\ColleenMalone\.m2\repository\com\amazonaws\aws-java-sdk-docdb\1.12.131\aws-java-sdk-docdb-1.12.131.jar;C:\Users\ColleenMalone\.m2\repository\com\amazonaws\aws-java-sdk-apigatewayv2\1.12.131\aws-java-sdk-apigatewayv2-1.12.131.jar;C:\Users\ColleenMalone\.m2\repository\com\amazonaws\aws-java-sdk-apigatewaymanagementapi\1.12.131\aws-java-sdk-apigatewaymanagementapi-1.12.131.jar;C:\Users\ColleenMalone\.m2\repository\com\amazonaws\aws-java-sdk-kafka\1.12.131\aws-java-sdk-kafka-1.12.131.jar;C:\Users\ColleenMalone\.m2\repository\com\amazonaws\aws-java-sdk-appmesh\1.12.131\aws-java-sdk-appmesh-1.12.131.jar;C:\Users\ColleenMalone\.m2\repository\com\amazonaws\aws-java-sdk-licensemanager\1.12.131\aws-java-sdk-licensemanager-1.12.131.jar;C:\Users\ColleenMalone\.m2\repository\com\amazonaws\aws-java-sdk-securityhub\1.12.131\aws-java-sdk-securityhub-1.12.131.jar;C:\Users\ColleenMalone\.m2\repository\com\amazonaws\aws-java-sdk-fsx\1.12.131\aws-java-sdk-fsx-1.12.131.jar;C:\Users\ColleenMalone\.m2\repository\com\amazonaws\aws-java-sdk-mediaconnect\1.12.131\aws-java-sdk-mediaconnect-1.12.131.jar;C:\Users\ColleenMalone\.m2\repository\com\amazonaws\aws-java-sdk-kinesisanalyticsv2\1.12.131\aws-java-sdk-kinesisanalyticsv2-1.12.131.jar;C:\Users\ColleenMalone\.m2\repository\com\amazonaws\aws-java-sdk-comprehendmedical\1.12.131\aws-java-sdk-comprehendmedical-1.12.131.jar;C:\Users\ColleenMalone\.m2\repository\com\amazonaws\aws-java-sdk-globalaccelerator\1.12.131\aws-java-sdk-globalaccelerator-1.12.131.jar;C:\Users\ColleenMalone\.m2\repository\com\amazonaws\aws-java-sdk-transfer\1.12.131\aws-java-sdk-transfer-1.12.131.jar;C:\Users\ColleenMalone\.m2\repository\com\amazonaws\aws-java-sdk-datasync\1.12.131\aws-java-sdk-datasync-1.12.131.jar;C:\Users\ColleenMalone\.m2\repository\com\amazonaws\aws-java-sdk-robomaker\1.12.131\aws-java-sdk-robomaker-1.12.131.jar;C:\Users\ColleenMalone\.m2\repository\com\amazonaws\aws-java-sdk-amplify\1.12.131\aws-java-sdk-amplify-1.12.131.jar;C:\Users\ColleenMalone\.m2\repository\com\amazonaws\aws-java-sdk-quicksight\1.12.131\aws-java-sdk-quicksight-1.12.131.jar;C:\Users\ColleenMalone\.m2\repository\com\amazonaws\aws-java-sdk-rdsdata\1.12.131\aws-java-sdk-rdsdata-1.12.131.jar;C:\Users\ColleenMalone\.m2\repository\com\amazonaws\aws-java-sdk-route53resolver\1.12.131\aws-java-sdk-route53resolver-1.12.131.jar;C:\Users\ColleenMalone\.m2\repository\com\amazonaws\aws-java-sdk-ram\1.12.131\aws-java-sdk-ram-1.12.131.jar;C:\Users\ColleenMalone\.m2\repository\com\amazonaws\aws-java-sdk-s3control\1.12.131\aws-java-sdk-s3control-1.12.131.jar;C:\Users\ColleenMalone\.m2\repository\com\amazonaws\aws-java-sdk-pinpointsmsvoice\1.12.131\aws-java-sdk-pinpointsmsvoice-1.12.131.jar;C:\Users\ColleenMalone\.m2\repository\com\amazonaws\aws-java-sdk-pinpointemail\1.12.131\aws-java-sdk-pinpointemail-1.12.131.jar;C:\Users\ColleenMalone\.m2\repository\com\amazonaws\aws-java-sdk-chime\1.12.131\aws-java-sdk-chime-1.12.131.jar;C:\Users\ColleenMalone\.m2\repository\com\amazonaws\aws-java-sdk-signer\1.12.131\aws-java-sdk-signer-1.12.131.jar;C:\Users\ColleenMalone\.m2\repository\com\amazonaws\aws-java-sdk-dlm\1.12.131\aws-java-sdk-dlm-1.12.131.jar;C:\Users\ColleenMalone\.m2\repository\com\amazonaws\aws-java-sdk-macie\1.12.131\aws-java-sdk-macie-1.12.131.jar;C:\Users\ColleenMalone\.m2\repository\com\amazonaws\aws-java-sdk-eks\1.12.131\aws-java-sdk-eks-1.12.131.jar;C:\Users\ColleenMalone\.m2\repository\com\amazonaws\aws-java-sdk-mediatailor\1.12.131\aws-java-sdk-mediatailor-1.12.131.jar;C:\Users\ColleenMalone\.m2\repository\com\amazonaws\aws-java-sdk-neptune\1.12.131\aws-java-sdk-neptune-1.12.131.jar;C:\Users\ColleenMalone\.m2\repository\com\amazonaws\aws-java-sdk-pi\1.12.131\aws-java-sdk-pi-1.12.131.jar;C:\Users\ColleenMalone\.m2\repository\com\amazonaws\aws-java-sdk-iot1clickprojects\1.12.131\aws-java-sdk-iot1clickprojects-1.12.131.jar;C:\Users\ColleenMalone\.m2\repository\com\amazonaws\aws-java-sdk-iot1clickdevices\1.12.131\aws-java-sdk-iot1clickdevices-1.12.131.jar;C:\Users\ColleenMalone\.m2\repository\com\amazonaws\aws-java-sdk-iotanalytics\1.12.131\aws-java-sdk-iotanalytics-1.12.131.jar;C:\Users\ColleenMalone\.m2\repository\com\amazonaws\aws-java-sdk-acmpca\1.12.131\aws-java-sdk-acmpca-1.12.131.jar;C:\Users\ColleenMalone\.m2\repository\com\amazonaws\aws-java-sdk-secretsmanager\1.12.131\aws-java-sdk-secretsmanager-1.12.131.jar;C:\Users\ColleenMalone\.m2\repository\com\amazonaws\aws-java-sdk-fms\1.12.131\aws-java-sdk-fms-1.12.131.jar;C:\Users\ColleenMalone\.m2\repository\com\amazonaws\aws-java-sdk-connect\1.12.131\aws-java-sdk-connect-1.12.131.jar;C:\Users\ColleenMalone\.m2\repository\com\amazonaws\aws-java-sdk-transcribe\1.12.131\aws-java-sdk-transcribe-1.12.131.jar;C:\Users\ColleenMalone\.m2\repository\com\amazonaws\aws-java-sdk-autoscalingplans\1.12.131\aws-java-sdk-autoscalingplans-1.12.131.jar;C:\Users\ColleenMalone\.m2\repository\com\amazonaws\aws-java-sdk-workmail\1.12.131\aws-java-sdk-workmail-1.12.131.jar;C:\Users\ColleenMalone\.m2\repository\com\amazonaws\aws-java-sdk-servicediscovery\1.12.131\aws-java-sdk-servicediscovery-1.12.131.jar;C:\Users\ColleenMalone\.m2\repository\com\amazonaws\aws-java-sdk-cloud9\1.12.131\aws-java-sdk-cloud9-1.12.131.jar;C:\Users\ColleenMalone\.m2\repository\com\amazonaws\aws-java-sdk-serverlessapplicationrepository\1.12.131\aws-java-sdk-serverlessapplicationrepository-1.12.131.jar;C:\Users\ColleenMalone\.m2\repository\com\amazonaws\aws-java-sdk-alexaforbusiness\1.12.131\aws-java-sdk-alexaforbusiness-1.12.131.jar;C:\Users\ColleenMalone\.m2\repository\com\amazonaws\aws-java-sdk-resourcegroups\1.12.131\aws-java-sdk-resourcegroups-1.12.131.jar;C:\Users\ColleenMalone\.m2\repository\com\amazonaws\aws-java-sdk-comprehend\1.12.131\aws-java-sdk-comprehend-1.12.131.jar;C:\Users\ColleenMalone\.m2\repository\com\amazonaws\aws-java-sdk-translate\1.12.131\aws-java-sdk-translate-1.12.131.jar;C:\Users\ColleenMalone\.m2\repository\com\amazonaws\aws-java-sdk-sagemaker\1.12.131\aws-java-sdk-sagemaker-1.12.131.jar;C:\Users\ColleenMalone\.m2\repository\com\amazonaws\aws-java-sdk-iotjobsdataplane\1.12.131\aws-java-sdk-iotjobsdataplane-1.12.131.jar;C:\Users\ColleenMalone\.m2\repository\com\amazonaws\aws-java-sdk-sagemakerruntime\1.12.131\aws-java-sdk-sagemakerruntime-1.12.131.jar;C:\Users\ColleenMalone\.m2\repository\com\amazonaws\aws-java-sdk-kinesisvideo\1.12.131\aws-java-sdk-kinesisvideo-1.12.131.jar;C:\Users\ColleenMalone\.m2\repository\io\netty\netty-codec-http\4.1.68.Final\netty-codec-http-4.1.68.Final.jar;C:\Users\ColleenMalone\.m2\repository\io\netty\netty-common\4.1.68.Final\netty-common-4.1.68.Final.jar;C:\Users\ColleenMalone\.m2\repository\io\netty\netty-buffer\4.1.68.Final\netty-buffer-4.1.68.Final.jar;C:\Users\ColleenMalone\.m2\repository\io\netty\netty-transport\4.1.68.Final\netty-transport-4.1.68.Final.jar;C:\Users\ColleenMalone\.m2\repository\io\netty\netty-codec\4.1.68.Final\netty-codec-4.1.68.Final.jar;C:\Users\ColleenMalone\.m2\repository\io\netty\netty-handler\4.1.68.Final\netty-handler-4.1.68.Final.jar;C:\Users\ColleenMalone\.m2\repository\io\netty\netty-resolver\4.1.68.Final\netty-resolver-4.1.68.Final.jar;C:\Users\ColleenMalone\.m2\repository\com\amazonaws\aws-java-sdk-appsync\1.12.131\aws-java-sdk-appsync-1.12.131.jar;C:\Users\ColleenMalone\.m2\repository\com\amazonaws\aws-java-sdk-guardduty\1.12.131\aws-java-sdk-guardduty-1.12.131.jar;C:\Users\ColleenMalone\.m2\repository\com\amazonaws\aws-java-sdk-mq\1.12.131\aws-java-sdk-mq-1.12.131.jar;C:\Users\ColleenMalone\.m2\repository\com\amazonaws\aws-java-sdk-mediaconvert\1.12.131\aws-java-sdk-mediaconvert-1.12.131.jar;C:\Users\ColleenMalone\.m2\repository\com\amazonaws\aws-java-sdk-mediastore\1.12.131\aws-java-sdk-mediastore-1.12.131.jar;C:\Users\ColleenMalone\.m2\repository\com\amazonaws\aws-java-sdk-mediastoredata\1.12.131\aws-java-sdk-mediastoredata-1.12.131.jar;C:\Users\ColleenMalone\.m2\repository\com\amazonaws\aws-java-sdk-medialive\1.12.131\aws-java-sdk-medialive-1.12.131.jar;C:\Users\ColleenMalone\.m2\repository\com\amazonaws\aws-java-sdk-mediapackage\1.12.131\aws-java-sdk-mediapackage-1.12.131.jar;C:\Users\ColleenMalone\.m2\repository\com\amazonaws\aws-java-sdk-costexplorer\1.12.131\aws-java-sdk-costexplorer-1.12.131.jar;C:\Users\ColleenMalone\.m2\repository\com\amazonaws\aws-java-sdk-pricing\1.12.131\aws-java-sdk-pricing-1.12.131.jar;C:\Users\ColleenMalone\.m2\repository\com\amazonaws\aws-java-sdk-mobile\1.12.131\aws-java-sdk-mobile-1.12.131.jar;C:\Users\ColleenMalone\.m2\repository\com\amazonaws\aws-java-sdk-cloudhsmv2\1.12.131\aws-java-sdk-cloudhsmv2-1.12.131.jar;C:\Users\ColleenMalone\.m2\repository\com\amazonaws\aws-java-sdk-glue\1.12.131\aws-java-sdk-glue-1.12.131.jar;C:\Users\ColleenMalone\.m2\repository\com\amazonaws\aws-java-sdk-migrationhub\1.12.131\aws-java-sdk-migrationhub-1.12.131.jar;C:\Users\ColleenMalone\.m2\repository\com\amazonaws\aws-java-sdk-dax\1.12.131\aws-java-sdk-dax-1.12.131.jar;C:\Users\ColleenMalone\.m2\repository\com\amazonaws\aws-java-sdk-greengrass\1.12.131\aws-java-sdk-greengrass-1.12.131.jar;C:\Users\ColleenMalone\.m2\repository\com\amazonaws\aws-java-sdk-athena\1.12.131\aws-java-sdk-athena-1.12.131.jar;C:\Users\ColleenMalone\.m2\repository\com\amazonaws\aws-java-sdk-marketplaceentitlement\1.12.131\aws-java-sdk-marketplaceentitlement-1.12.131.jar;C:\Users\ColleenMalone\.m2\repository\com\amazonaws\aws-java-sdk-codestar\1.12.131\aws-java-sdk-codestar-1.12.131.jar;C:\Users\ColleenMalone\.m2\repository\com\amazonaws\aws-java-sdk-lexmodelbuilding\1.12.131\aws-java-sdk-lexmodelbuilding-1.12.131.jar;C:\Users\ColleenMalone\.m2\repository\com\amazonaws\aws-java-sdk-resourcegroupstaggingapi\1.12.131\aws-java-sdk-resourcegroupstaggingapi-1.12.131.jar;C:\Users\ColleenMalone\.m2\repository\com\amazonaws\aws-java-sdk-pinpoint\1.12.131\aws-java-sdk-pinpoint-1.12.131.jar;C:\Users\ColleenMalone\.m2\repository\com\amazonaws\aws-java-sdk-xray\1.12.131\aws-java-sdk-xray-1.12.131.jar;C:\Users\ColleenMalone\.m2\repository\com\amazonaws\aws-java-sdk-opsworkscm\1.12.131\aws-java-sdk-opsworkscm-1.12.131.jar;C:\Users\ColleenMalone\.m2\repository\com\amazonaws\aws-java-sdk-support\1.12.131\aws-java-sdk-support-1.12.131.jar;C:\Users\ColleenMalone\.m2\repository\com\amazonaws\aws-java-sdk-simpledb\1.12.131\aws-java-sdk-simpledb-1.12.131.jar;C:\Users\ColleenMalone\.m2\repository\com\amazonaws\aws-java-sdk-servicecatalog\1.12.131\aws-java-sdk-servicecatalog-1.12.131.jar;C:\Users\ColleenMalone\.m2\repository\com\amazonaws\aws-java-sdk-servermigration\1.12.131\aws-java-sdk-servermigration-1.12.131.jar;C:\Users\ColleenMalone\.m2\repository\com\amazonaws\aws-java-sdk-simpleworkflow\1.12.131\aws-java-sdk-simpleworkflow-1.12.131.jar;C:\Users\ColleenMalone\.m2\repository\com\amazonaws\aws-java-sdk-storagegateway\1.12.131\aws-java-sdk-storagegateway-1.12.131.jar;C:\Users\ColleenMalone\.m2\repository\com\amazonaws\aws-java-sdk-route53\1.12.131\aws-java-sdk-route53-1.12.131.jar;C:\Users\ColleenMalone\.m2\repository\com\amazonaws\aws-java-sdk-s3\1.12.131\aws-java-sdk-s3-1.12.131.jar;C:\Users\ColleenMalone\.m2\repository\com\amazonaws\aws-java-sdk-importexport\1.12.131\aws-java-sdk-importexport-1.12.131.jar;C:\Users\ColleenMalone\.m2\repository\com\amazonaws\aws-java-sdk-sts\1.12.131\aws-java-sdk-sts-1.12.131.jar;C:\Users\ColleenMalone\.m2\repository\com\amazonaws\aws-java-sdk-sqs\1.12.131\aws-java-sdk-sqs-1.12.131.jar;C:\Users\ColleenMalone\.m2\repository\com\amazonaws\aws-java-sdk-rds\1.12.131\aws-java-sdk-rds-1.12.131.jar;C:\Users\ColleenMalone\.m2\repository\com\amazonaws\aws-java-sdk-redshift\1.12.131\aws-java-sdk-redshift-1.12.131.jar;C:\Users\ColleenMalone\.m2\repository\com\amazonaws\aws-java-sdk-elasticbeanstalk\1.12.131\aws-java-sdk-elasticbeanstalk-1.12.131.jar;C:\Users\ColleenMalone\.m2\repository\com\amazonaws\aws-java-sdk-glacier\1.12.131\aws-java-sdk-glacier-1.12.131.jar;C:\Users\ColleenMalone\.m2\repository\com\amazonaws\aws-java-sdk-iam\1.12.131\aws-java-sdk-iam-1.12.131.jar;C:\Users\ColleenMalone\.m2\repository\com\amazonaws\aws-java-sdk-datapipeline\1.12.131\aws-java-sdk-datapipeline-1.12.131.jar;C:\Users\ColleenMalone\.m2\repository\com\amazonaws\aws-java-sdk-elasticloadbalancing\1.12.131\aws-java-sdk-elasticloadbalancing-1.12.131.jar;C:\Users\ColleenMalone\.m2\repository\com\amazonaws\aws-java-sdk-elasticloadbalancingv2\1.12.131\aws-java-sdk-elasticloadbalancingv2-1.12.131.jar;C:\Users\ColleenMalone\.m2\repository\com\amazonaws\aws-java-sdk-emr\1.12.131\aws-java-sdk-emr-1.12.131.jar;C:\Users\ColleenMalone\.m2\repository\com\amazonaws\aws-java-sdk-elasticache\1.12.131\aws-java-sdk-elasticache-1.12.131.jar;C:\Users\ColleenMalone\.m2\repository\com\amazonaws\aws-java-sdk-elastictranscoder\1.12.131\aws-java-sdk-elastictranscoder-1.12.131.jar;C:\Users\ColleenMalone\.m2\repository\com\amazonaws\aws-java-sdk-ec2\1.12.131\aws-java-sdk-ec2-1.12.131.jar;C:\Users\ColleenMalone\.m2\repository\com\amazonaws\aws-java-sdk-dynamodb\1.12.131\aws-java-sdk-dynamodb-1.12.131.jar;C:\Users\ColleenMalone\.m2\repository\com\amazonaws\aws-java-sdk-sns\1.12.131\aws-java-sdk-sns-1.12.131.jar;C:\Users\ColleenMalone\.m2\repository\com\amazonaws\aws-java-sdk-budgets\1.12.131\aws-java-sdk-budgets-1.12.131.jar;C:\Users\ColleenMalone\.m2\repository\com\amazonaws\aws-java-sdk-cloudtrail\1.12.131\aws-java-sdk-cloudtrail-1.12.131.jar;C:\Users\ColleenMalone\.m2\repository\com\amazonaws\aws-java-sdk-cloudwatch\1.12.131\aws-java-sdk-cloudwatch-1.12.131.jar;C:\Users\ColleenMalone\.m2\repository\com\amazonaws\aws-java-sdk-logs\1.12.131\aws-java-sdk-logs-1.12.131.jar;C:\Users\ColleenMalone\.m2\repository\com\amazonaws\aws-java-sdk-events\1.12.131\aws-java-sdk-events-1.12.131.jar;C:\Users\ColleenMalone\.m2\repository\com\amazonaws\aws-java-sdk-cognitoidentity\1.12.131\aws-java-sdk-cognitoidentity-1.12.131.jar;C:\Users\ColleenMalone\.m2\repository\com\amazonaws\aws-java-sdk-cognitosync\1.12.131\aws-java-sdk-cognitosync-1.12.131.jar;C:\Users\ColleenMalone\.m2\repository\com\amazonaws\aws-java-sdk-directconnect\1.12.131\aws-java-sdk-directconnect-1.12.131.jar;C:\Users\ColleenMalone\.m2\repository\com\amazonaws\aws-java-sdk-cloudformation\1.12.131\aws-java-sdk-cloudformation-1.12.131.jar;C:\Users\ColleenMalone\.m2\repository\com\amazonaws\aws-java-sdk-cloudfront\1.12.131\aws-java-sdk-cloudfront-1.12.131.jar;C:\Users\ColleenMalone\.m2\repository\com\amazonaws\aws-java-sdk-clouddirectory\1.12.131\aws-java-sdk-clouddirectory-1.12.131.jar;C:\Users\ColleenMalone\.m2\repository\com\amazonaws\aws-java-sdk-kinesis\1.12.131\aws-java-sdk-kinesis-1.12.131.jar;C:\Users\ColleenMalone\.m2\repository\com\amazonaws\aws-java-sdk-opsworks\1.12.131\aws-java-sdk-opsworks-1.12.131.jar;C:\Users\ColleenMalone\.m2\repository\com\amazonaws\aws-java-sdk-ses\1.12.131\aws-java-sdk-ses-1.12.131.jar;C:\Users\ColleenMalone\.m2\repository\com\amazonaws\aws-java-sdk-autoscaling\1.12.131\aws-java-sdk-autoscaling-1.12.131.jar;C:\Users\ColleenMalone\.m2\repository\com\amazonaws\aws-java-sdk-cloudsearch\1.12.131\aws-java-sdk-cloudsearch-1.12.131.jar;C:\Users\ColleenMalone\.m2\repository\com\amazonaws\aws-java-sdk-cloudwatchmetrics\1.12.131\aws-java-sdk-cloudwatchmetrics-1.12.131.jar;C:\Users\ColleenMalone\.m2\repository\com\amazonaws\aws-java-sdk-codedeploy\1.12.131\aws-java-sdk-codedeploy-1.12.131.jar;C:\Users\ColleenMalone\.m2\repository\com\amazonaws\aws-java-sdk-codepipeline\1.12.131\aws-java-sdk-codepipeline-1.12.131.jar;C:\Users\ColleenMalone\.m2\repository\com\amazonaws\aws-java-sdk-kms\1.12.131\aws-java-sdk-kms-1.12.131.jar;C:\Users\ColleenMalone\.m2\repository\com\amazonaws\aws-java-sdk-config\1.12.131\aws-java-sdk-config-1.12.131.jar;C:\Users\ColleenMalone\.m2\repository\com\amazonaws\aws-java-sdk-lambda\1.12.131\aws-java-sdk-lambda-1.12.131.jar;C:\Users\ColleenMalone\.m2\repository\com\amazonaws\aws-java-sdk-ecs\1.12.131\aws-java-sdk-ecs-1.12.131.jar;C:\Users\ColleenMalone\.m2\repository\com\amazonaws\aws-java-sdk-ecr\1.12.131\aws-java-sdk-ecr-1.12.131.jar;C:\Users\ColleenMalone\.m2\repository\com\amazonaws\aws-java-sdk-cloudhsm\1.12.131\aws-java-sdk-cloudhsm-1.12.131.jar;C:\Users\ColleenMalone\.m2\repository\com\amazonaws\aws-java-sdk-ssm\1.12.131\aws-java-sdk-ssm-1.12.131.jar;C:\Users\ColleenMalone\.m2\repository\com\amazonaws\aws-java-sdk-workspaces\1.12.131\aws-java-sdk-workspaces-1.12.131.jar;C:\Users\ColleenMalone\.m2\repository\com\amazonaws\aws-java-sdk-machinelearning\1.12.131\aws-java-sdk-machinelearning-1.12.131.jar;C:\Users\ColleenMalone\.m2\repository\com\amazonaws\aws-java-sdk-directory\1.12.131\aws-java-sdk-directory-1.12.131.jar;C:\Users\ColleenMalone\.m2\repository\com\amazonaws\aws-java-sdk-efs\1.12.131\aws-java-sdk-efs-1.12.131.jar;C:\Users\ColleenMalone\.m2\repository\com\amazonaws\aws-java-sdk-codecommit\1.12.131\aws-java-sdk-codecommit-1.12.131.jar;C:\Users\ColleenMalone\.m2\repository\com\amazonaws\aws-java-sdk-devicefarm\1.12.131\aws-java-sdk-devicefarm-1.12.131.jar;C:\Users\ColleenMalone\.m2\repository\com\amazonaws\aws-java-sdk-elasticsearch\1.12.131\aws-java-sdk-elasticsearch-1.12.131.jar;C:\Users\ColleenMalone\.m2\repository\com\amazonaws\aws-java-sdk-waf\1.12.131\aws-java-sdk-waf-1.12.131.jar;C:\Users\ColleenMalone\.m2\repository\com\amazonaws\aws-java-sdk-marketplacecommerceanalytics\1.12.131\aws-java-sdk-marketplacecommerceanalytics-1.12.131.jar;C:\Users\ColleenMalone\.m2\repository\com\amazonaws\aws-java-sdk-inspector\1.12.131\aws-java-sdk-inspector-1.12.131.jar;C:\Users\ColleenMalone\.m2\repository\com\amazonaws\aws-java-sdk-iot\1.12.131\aws-java-sdk-iot-1.12.131.jar;C:\Users\ColleenMalone\.m2\repository\com\amazonaws\aws-java-sdk-api-gateway\1.12.131\aws-java-sdk-api-gateway-1.12.131.jar;C:\Users\ColleenMalone\.m2\repository\com\amazonaws\aws-java-sdk-acm\1.12.131\aws-java-sdk-acm-1.12.131.jar;C:\Users\ColleenMalone\.m2\repository\com\amazonaws\aws-java-sdk-gamelift\1.12.131\aws-java-sdk-gamelift-1.12.131.jar;C:\Users\ColleenMalone\.m2\repository\com\amazonaws\aws-java-sdk-dms\1.12.131\aws-java-sdk-dms-1.12.131.jar;C:\Users\ColleenMalone\.m2\repository\com\amazonaws\aws-java-sdk-marketplacemeteringservice\1.12.131\aws-java-sdk-marketplacemeteringservice-1.12.131.jar;C:\Users\ColleenMalone\.m2\repository\com\amazonaws\aws-java-sdk-cognitoidp\1.12.131\aws-java-sdk-cognitoidp-1.12.131.jar;C:\Users\ColleenMalone\.m2\repository\com\amazonaws\aws-java-sdk-discovery\1.12.131\aws-java-sdk-discovery-1.12.131.jar;C:\Users\ColleenMalone\.m2\repository\com\amazonaws\aws-java-sdk-applicationautoscaling\1.12.131\aws-java-sdk-applicationautoscaling-1.12.131.jar;C:\Users\ColleenMalone\.m2\repository\com\amazonaws\aws-java-sdk-snowball\1.12.131\aws-java-sdk-snowball-1.12.131.jar;C:\Users\ColleenMalone\.m2\repository\com\amazonaws\aws-java-sdk-rekognition\1.12.131\aws-java-sdk-rekognition-1.12.131.jar;C:\Users\ColleenMalone\.m2\repository\com\amazonaws\aws-java-sdk-polly\1.12.131\aws-java-sdk-polly-1.12.131.jar;C:\Users\ColleenMalone\.m2\repository\com\amazonaws\aws-java-sdk-lightsail\1.12.131\aws-java-sdk-lightsail-1.12.131.jar;C:\Users\ColleenMalone\.m2\repository\com\amazonaws\aws-java-sdk-stepfunctions\1.12.131\aws-java-sdk-stepfunctions-1.12.131.jar;C:\Users\ColleenMalone\.m2\repository\com\amazonaws\aws-java-sdk-health\1.12.131\aws-java-sdk-health-1.12.131.jar;C:\Users\ColleenMalone\.m2\repository\com\amazonaws\aws-java-sdk-costandusagereport\1.12.131\aws-java-sdk-costandusagereport-1.12.131.jar;C:\Users\ColleenMalone\.m2\repository\com\amazonaws\aws-java-sdk-codebuild\1.12.131\aws-java-sdk-codebuild-1.12.131.jar;C:\Users\ColleenMalone\.m2\repository\com\amazonaws\aws-java-sdk-appstream\1.12.131\aws-java-sdk-appstream-1.12.131.jar;C:\Users\ColleenMalone\.m2\repository\com\amazonaws\aws-java-sdk-shield\1.12.131\aws-java-sdk-shield-1.12.131.jar;C:\Users\ColleenMalone\.m2\repository\com\amazonaws\aws-java-sdk-batch\1.12.131\aws-java-sdk-batch-1.12.131.jar;C:\Users\ColleenMalone\.m2\repository\com\amazonaws\aws-java-sdk-lex\1.12.131\aws-java-sdk-lex-1.12.131.jar;C:\Users\ColleenMalone\.m2\repository\com\amazonaws\aws-java-sdk-mechanicalturkrequester\1.12.131\aws-java-sdk-mechanicalturkrequester-1.12.131.jar;C:\Users\ColleenMalone\.m2\repository\com\amazonaws\aws-java-sdk-organizations\1.12.131\aws-java-sdk-organizations-1.12.131.jar;C:\Users\ColleenMalone\.m2\repository\com\amazonaws\aws-java-sdk-workdocs\1.12.131\aws-java-sdk-workdocs-1.12.131.jar;C:\Users\ColleenMalone\.m2\repository\com\amazonaws\aws-java-sdk-core\1.12.131\aws-java-sdk-core-1.12.131.jar;C:\Users\ColleenMalone\.m2\repository\commons-codec\commons-codec\1.15\commons-codec-1.15.jar;C:\Users\ColleenMalone\.m2\repository\org\apache\httpcomponents\httpclient\4.5.13\httpclient-4.5.13.jar;C:\Users\ColleenMalone\.m2\repository\org\apache\httpcomponents\httpcore\4.4.13\httpcore-4.4.13.jar;C:\Users\ColleenMalone\.m2\repository\software\amazon\ion\ion-java\1.0.2\ion-java-1.0.2.jar;C:\Users\ColleenMalone\.m2\repository\com\fasterxml\jackson\dataformat\jackson-dataformat-cbor\2.12.3\jackson-dataformat-cbor-2.12.3.jar;C:\Users\ColleenMalone\.m2\repository\com\amazonaws\aws-java-sdk-models\1.12.131\aws-java-sdk-models-1.12.131.jar;C:\Users\ColleenMalone\.m2\repository\com\amazonaws\aws-java-sdk-swf-libraries\1.11.22\aws-java-sdk-swf-libraries-1.11.22.jar;C:\Users\ColleenMalone\.m2\repository\org\springframework\boot\spring-boot-starter\2.6.4\spring-boot-starter-2.6.4.jar;C:\Users\ColleenMalone\.m2\repository\org\springframework\boot\spring-boot\2.6.4\spring-boot-2.6.4.jar;C:\Users\ColleenMalone\.m2\repository\org\springframework\boot\spring-boot-autoconfigure\2.6.4\spring-boot-autoconfigure-2.6.4.jar;C:\Users\ColleenMalone\.m2\repository\org\springframework\boot\spring-boot-starter-logging\2.6.4\spring-boot-starter-logging-2.6.4.jar;C:\Users\ColleenMalone\.m2\repository\ch\qos\logback\logback-classic\1.2.10\logback-classic-1.2.10.jar;C:\Users\ColleenMalone\.m2\repository\ch\qos\logback\logback-core\1.2.10\logback-core-1.2.10.jar;C:\Users\ColleenMalone\.m2\repository\org\apache\logging\log4j\log4j-to-slf4j\2.17.1\log4j-to-slf4j-2.17.1.jar;C:\Users\ColleenMalone\.m2\repository\org\apache\logging\log4j\log4j-api\2.17.1\log4j-api-2.17.1.jar;C:\Users\ColleenMalone\.m2\repository\org\slf4j\jul-to-slf4j\1.7.36\jul-to-slf4j-1.7.36.jar;C:\Users\ColleenMalone\.m2\repository\jakarta\annotation\jakarta.annotation-api\1.3.5\jakarta.annotation-api-1.3.5.jar;C:\Users\ColleenMalone\.m2\repository\org\yaml\snakeyaml\1.29\snakeyaml-1.29.jar;C:\Users\ColleenMalone\.m2\repository\org\projectlombok\lombok\1.18.22\lombok-1.18.22.jar;C:\Users\ColleenMalone\.m2\repository\org\springdoc\springdoc-openapi-ui\1.6.3\springdoc-openapi-ui-1.6.3.jar;C:\Users\ColleenMalone\.m2\repository\org\springdoc\springdoc-openapi-webmvc-core\1.6.3\springdoc-openapi-webmvc-core-1.6.3.jar;C:\Users\ColleenMalone\.m2\repository\org\springdoc\springdoc-openapi-common\1.6.3\springdoc-openapi-common-1.6.3.jar;C:\Users\ColleenMalone\.m2\repository\io\swagger\core\v3\swagger-models\2.1.12\swagger-models-2.1.12.jar;C:\Users\ColleenMalone\.m2\repository\io\swagger\core\v3\swagger-annotations\2.1.12\swagger-annotations-2.1.12.jar;C:\Users\ColleenMalone\.m2\repository\io\swagger\core\v3\swagger-integration\2.1.12\swagger-integration-2.1.12.jar;C:\Users\ColleenMalone\.m2\repository\io\swagger\core\v3\swagger-core\2.1.12\swagger-core-2.1.12.jar;C:\Users\ColleenMalone\.m2\repository\com\fasterxml\jackson\dataformat\jackson-dataformat-yaml\2.12.1\jackson-dataformat-yaml-2.12.1.jar;C:\Users\ColleenMalone\.m2\repository\io\github\classgraph\classgraph\4.8.117\classgraph-4.8.117.jar;C:\Users\ColleenMalone\.m2\repository\io\github\toolfactory\jvm-driver\4.0.0\jvm-driver-4.0.0.jar;C:\Users\ColleenMalone\.m2\repository\io\github\toolfactory\narcissus\1.0.1\narcissus-1.0.1.jar;C:\Users\ColleenMalone\.m2\repository\org\webjars\swagger-ui\4.1.3\swagger-ui-4.1.3.jar;C:\Users\ColleenMalone\.m2\repository\org\webjars\webjars-locator-core\0.45\webjars-locator-core-0.45.jar;C:\Users\ColleenMalone\.m2\repository\com\fasterxml\jackson\core\jackson-core\2.10.0\jackson-core-2.10.0.jar;C:\Users\ColleenMalone\.m2\repository\org\springframework\boot\spring-boot-starter-actuator\2.6.4\spring-boot-starter-actuator-2.6.4.jar;C:\Users\ColleenMalone\.m2\repository\org\springframework\boot\spring-boot-actuator-autoconfigure\2.6.4\spring-boot-actuator-autoconfigure-2.6.4.jar;C:\Users\ColleenMalone\.m2\repository\org\springframework\boot\spring-boot-actuator\2.6.4\spring-boot-actuator-2.6.4.jar;C:\Users\ColleenMalone\.m2\repository\io\micrometer\micrometer-core\1.8.3\micrometer-core-1.8.3.jar;C:\Users\ColleenMalone\.m2\repository\org\hdrhistogram\HdrHistogram\2.1.12\HdrHistogram-2.1.12.jar;C:\Users\ColleenMalone\.m2\repository\org\latencyutils\LatencyUtils\2.0.3\LatencyUtils-2.0.3.jar;C:\Users\ColleenMalone\.m2\repository\org\springframework\boot\spring-boot-starter-validation\2.6.4\spring-boot-starter-validation-2.6.4.jar;C:\Users\ColleenMalone\.m2\repository\org\apache\tomcat\embed\tomcat-embed-el\9.0.58\tomcat-embed-el-9.0.58.jar;C:\Users\ColleenMalone\.m2\repository\org\hibernate\validator\hibernate-validator\6.2.2.Final\hibernate-validator-6.2.2.Final.jar;C:\Users\ColleenMalone\.m2\repository\jakarta\validation\jakarta.validation-api\2.0.2\jakarta.validation-api-2.0.2.jar;C:\Users\ColleenMalone\.m2\repository\org\springframework\spring-context\5.3.14\spring-context-5.3.14.jar;C:\Users\ColleenMalone\.m2\repository\org\springframework\spring-aop\5.3.14\spring-aop-5.3.14.jar;C:\Users\ColleenMalone\.m2\repository\org\springframework\spring-beans\5.3.14\spring-beans-5.3.14.jar;C:\Users\ColleenMalone\.m2\repository\org\springframework\spring-expression\5.3.14\spring-expression-5.3.14.jar;C:\Users\ColleenMalone\.m2\repository\org\springframework\boot\spring-boot-devtools\2.6.4\spring-boot-devtools-2.6.4.jar;C:\Users\ColleenMalone\.m2\repository\org\aspectj\aspectjrt\1.5.4\aspectjrt-1.5.4.jar;C:\Users\ColleenMalone\.m2\repository\org\aspectj\aspectjweaver\1.9.5\aspectjweaver-1.9.5.jar;C:\Users\ColleenMalone\.m2\repository\org\apache\maven\surefire\surefire-junit-platform\2.22.1\surefire-junit-platform-2.22.1.jar;C:\Users\ColleenMalone\.m2\repository\org\junit\platform\junit-platform-launcher\1.3.1\junit-platform-launcher-1.3.1.jar"/>
    <property name="java.vm.vendor" value="Oracle Corporation"/>
    <property name="sun.arch.data.model" value="64"/>
    <property name="user.variant" value=""/>
    <property name="java.vendor.url" value="https://openjdk.java.net/"/>
    <property name="user.timezone" value="America/New_York"/>
    <property name="java.vm.specification.version" value="11"/>
    <property name="os.name" value="Windows 10"/>
    <property name="sun.java.launcher" value="SUN_STANDARD"/>
    <property name="user.country" value="US"/>
    <property name="sun.boot.library.path" value="C:\Program Files\Java\jdk-11.0.14\bin"/>
    <property name="sun.java.command" value="org.apache.maven.surefire.booter.ForkedBooter C:\Users\ColleenMalone\AppData\Local\Temp\surefire1798195670984712407 2022-03-08T14-52-35_147-jvmRun1 surefire12233116939909891874tmp surefire_013746698109590260643tmp"/>
    <property name="jdk.debug" value="release"/>
    <property name="surefire.test.class.path" value="C:\Users\ColleenMalone\Documents\brand-new-from-scratch\projects\thymecrunch\core\target\test-classes;C:\Users\ColleenMalone\Documents\brand-new-from-scratch\projects\thymecrunch\core\target\classes;C:\Users\ColleenMalone\.m2\repository\uk\org\lidalia\slf4j-test\1.0.1\slf4j-test-1.0.1.jar;C:\Users\ColleenMalone\.m2\repository\org\slf4j\slf4j-api\1.7.5\slf4j-api-1.7.5.jar;C:\Users\ColleenMalone\.m2\repository\uk\org\lidalia\lidalia-lang\1.0.0\lidalia-lang-1.0.0.jar;C:\Users\ColleenMalone\.m2\repository\org\apache\commons\commons-lang3\3.1\commons-lang3-3.1.jar;C:\Users\ColleenMalone\.m2\repository\com\google\guava\guava\14.0.1\guava-14.0.1.jar;C:\Users\ColleenMalone\.m2\repository\uk\org\lidalia\lidalia-slf4j-ext\1.0.0\lidalia-slf4j-ext-1.0.0.jar;C:\Users\ColleenMalone\.m2\repository\joda-time\joda-time\2.2\joda-time-2.2.jar;C:\Users\ColleenMalone\.m2\repository\com\adobe\aem\aem-sdk-api\2022.2.6433.20220223T194056Z-220100\aem-sdk-api-2022.2.6433.20220223T194056Z-220100.jar;C:\Users\ColleenMalone\.m2\repository\org\osgi\osgi.core\8.0.0\osgi.core-8.0.0.jar;C:\Users\ColleenMalone\.m2\repository\org\osgi\org.osgi.annotation.versioning\1.1.2\org.osgi.annotation.versioning-1.1.2.jar;C:\Users\ColleenMalone\.m2\repository\org\osgi\org.osgi.annotation.bundle\1.1.1\org.osgi.annotation.bundle-1.1.1.jar;C:\Users\ColleenMalone\.m2\repository\org\osgi\org.osgi.service.metatype.annotations\1.4.1\org.osgi.service.metatype.annotations-1.4.1.jar;C:\Users\ColleenMalone\.m2\repository\org\osgi\osgi.annotation\8.0.1\osgi.annotation-8.0.1.jar;C:\Users\ColleenMalone\.m2\repository\org\osgi\org.osgi.namespace.extender\1.0.1\org.osgi.namespace.extender-1.0.1.jar;C:\Users\ColleenMalone\.m2\repository\org\osgi\org.osgi.namespace.implementation\1.0.0\org.osgi.namespace.implementation-1.0.0.jar;C:\Users\ColleenMalone\.m2\repository\org\osgi\org.osgi.service.component\1.4.0\org.osgi.service.component-1.4.0.jar;C:\Users\ColleenMalone\.m2\repository\org\osgi\org.osgi.service.component.annotations\1.4.0\org.osgi.service.component.annotations-1.4.0.jar;C:\Users\ColleenMalone\.m2\repository\org\apache\sling\org.apache.sling.servlets.annotations\1.2.6\org.apache.sling.servlets.annotations-1.2.6.jar;C:\Users\ColleenMalone\.m2\repository\com\adobe\cq\core.wcm.components.core\2.17.12\core.wcm.components.core-2.17.12.jar;C:\Users\ColleenMalone\.m2\repository\org\junit\jupiter\junit-jupiter\5.8.2\junit-jupiter-5.8.2.jar;C:\Users\ColleenMalone\.m2\repository\org\junit\jupiter\junit-jupiter-api\5.8.2\junit-jupiter-api-5.8.2.jar;C:\Users\ColleenMalone\.m2\repository\org\opentest4j\opentest4j\1.2.0\opentest4j-1.2.0.jar;C:\Users\ColleenMalone\.m2\repository\org\junit\platform\junit-platform-commons\1.8.2\junit-platform-commons-1.8.2.jar;C:\Users\ColleenMalone\.m2\repository\org\apiguardian\apiguardian-api\1.1.2\apiguardian-api-1.1.2.jar;C:\Users\ColleenMalone\.m2\repository\org\junit\jupiter\junit-jupiter-params\5.8.2\junit-jupiter-params-5.8.2.jar;C:\Users\ColleenMalone\.m2\repository\org\junit\jupiter\junit-jupiter-engine\5.8.2\junit-jupiter-engine-5.8.2.jar;C:\Users\ColleenMalone\.m2\repository\org\junit\platform\junit-platform-engine\1.8.2\junit-platform-engine-1.8.2.jar;C:\Users\ColleenMalone\.m2\repository\org\mockito\mockito-core\4.1.0\mockito-core-4.1.0.jar;C:\Users\ColleenMalone\.m2\repository\net\bytebuddy\byte-buddy\1.12.1\byte-buddy-1.12.1.jar;C:\Users\ColleenMalone\.m2\repository\net\bytebuddy\byte-buddy-agent\1.12.1\byte-buddy-agent-1.12.1.jar;C:\Users\ColleenMalone\.m2\repository\org\objenesis\objenesis\3.2\objenesis-3.2.jar;C:\Users\ColleenMalone\.m2\repository\org\mockito\mockito-junit-jupiter\4.1.0\mockito-junit-jupiter-4.1.0.jar;C:\Users\ColleenMalone\.m2\repository\junit-addons\junit-addons\1.4\junit-addons-1.4.jar;C:\Users\ColleenMalone\.m2\repository\junit\junit\3.8.1\junit-3.8.1.jar;C:\Users\ColleenMalone\.m2\repository\xerces\xercesImpl\2.6.2\xercesImpl-2.6.2.jar;C:\Users\ColleenMalone\.m2\repository\xerces\xmlParserAPIs\2.6.2\xmlParserAPIs-2.6.2.jar;C:\Users\ColleenMalone\.m2\repository\io\wcm\io.wcm.testing.aem-mock.junit5\4.1.8\io.wcm.testing.aem-mock.junit5-4.1.8.jar;C:\Users\ColleenMalone\.m2\repository\io\wcm\io.wcm.testing.aem-mock.core\4.1.8\io.wcm.testing.aem-mock.core-4.1.8.jar;C:\Users\ColleenMalone\.m2\repository\org\apache\sling\org.apache.sling.api\2.16.4\org.apache.sling.api-2.16.4.jar;C:\Users\ColleenMalone\.m2\repository\org\apache\jackrabbit\jackrabbit-jcr-commons\2.16.0\jackrabbit-jcr-commons-2.16.0.jar;C:\Users\ColleenMalone\.m2\repository\org\apache\sling\org.apache.sling.commons.osgi\2.4.0\org.apache.sling.commons.osgi-2.4.0.jar;C:\Users\ColleenMalone\.m2\repository\org\apache\sling\org.apache.sling.resourceresolver\1.5.34\org.apache.sling.resourceresolver-1.5.34.jar;C:\Users\ColleenMalone\.m2\repository\org\apache\sling\org.apache.sling.serviceusermapper\1.3.6\org.apache.sling.serviceusermapper-1.3.6.jar;C:\Users\ColleenMalone\.m2\repository\org\apache\sling\org.apache.sling.jcr.api\2.4.0\org.apache.sling.jcr.api-2.4.0.jar;C:\Users\ColleenMalone\.m2\repository\org\apache\sling\org.apache.sling.jcr.resource\3.0.8\org.apache.sling.jcr.resource-3.0.8.jar;C:\Users\ColleenMalone\.m2\repository\org\apache\sling\org.apache.sling.commons.mime\2.1.10\org.apache.sling.commons.mime-2.1.10.jar;C:\Users\ColleenMalone\.m2\repository\org\apache\sling\org.apache.sling.commons.json\2.0.20\org.apache.sling.commons.json-2.0.20.jar;C:\Users\ColleenMalone\.m2\repository\org\apache\sling\org.apache.sling.commons.classloader\1.4.2\org.apache.sling.commons.classloader-1.4.2.jar;C:\Users\ColleenMalone\.m2\repository\org\apache\sling\org.apache.sling.settings\1.3.8\org.apache.sling.settings-1.3.8.jar;C:\Users\ColleenMalone\.m2\repository\org\apache\sling\org.apache.sling.i18n\2.5.10\org.apache.sling.i18n-2.5.10.jar;C:\Users\ColleenMalone\.m2\repository\org\apache\sling\org.apache.sling.testing.jcr-mock\1.5.4\org.apache.sling.testing.jcr-mock-1.5.4.jar;C:\Users\ColleenMalone\.m2\repository\javax\jcr\jcr\2.0\jcr-2.0.jar;C:\Users\ColleenMalone\.m2\repository\org\apache\jackrabbit\jackrabbit-api\2.16.0\jackrabbit-api-2.16.0.jar;C:\Users\ColleenMalone\.m2\repository\org\apache\commons\commons-collections4\4.1\commons-collections4-4.1.jar;C:\Users\ColleenMalone\.m2\repository\org\apache\sling\org.apache.sling.testing.osgi-mock.core\3.2.2\org.apache.sling.testing.osgi-mock.core-3.2.2.jar;C:\Users\ColleenMalone\.m2\repository\org\osgi\org.osgi.framework\1.8.0\org.osgi.framework-1.8.0.jar;C:\Users\ColleenMalone\.m2\repository\org\osgi\org.osgi.service.cm\1.6.0\org.osgi.service.cm-1.6.0.jar;C:\Users\ColleenMalone\.m2\repository\org\osgi\org.osgi.service.event\1.3.1\org.osgi.service.event-1.3.1.jar;C:\Users\ColleenMalone\.m2\repository\org\osgi\org.osgi.service.log\1.3.0\org.osgi.service.log-1.3.0.jar;C:\Users\ColleenMalone\.m2\repository\commons-io\commons-io\2.5\commons-io-2.5.jar;C:\Users\ColleenMalone\.m2\repository\org\reflections\reflections\0.10.2\reflections-0.10.2.jar;C:\Users\ColleenMalone\.m2\repository\org\javassist\javassist\3.28.0-GA\javassist-3.28.0-GA.jar;C:\Users\ColleenMalone\.m2\repository\org\apache\sling\org.apache.sling.testing.sling-mock.core\3.2.2\org.apache.sling.testing.sling-mock.core-3.2.2.jar;C:\Users\ColleenMalone\.m2\repository\org\apache\sling\org.apache.sling.resourcebuilder\1.0.4\org.apache.sling.resourcebuilder-1.0.4.jar;C:\Users\ColleenMalone\.m2\repository\org\osgi\org.osgi.resource\1.0.0\org.osgi.resource-1.0.0.jar;C:\Users\ColleenMalone\.m2\repository\org\osgi\org.osgi.util.tracker\1.5.1\org.osgi.util.tracker-1.5.1.jar;C:\Users\ColleenMalone\.m2\repository\org\apache\sling\org.apache.sling.scripting.api\2.2.0\org.apache.sling.scripting.api-2.2.0.jar;C:\Users\ColleenMalone\.m2\repository\org\apache\sling\org.apache.sling.scripting.core\2.0.54\org.apache.sling.scripting.core-2.0.54.jar;C:\Users\ColleenMalone\.m2\repository\org\apache\felix\org.apache.felix.utils\1.9.0\org.apache.felix.utils-1.9.0.jar;C:\Users\ColleenMalone\.m2\repository\org\apache\johnzon\johnzon-core\1.1.1\johnzon-core-1.1.1.jar;C:\Users\ColleenMalone\.m2\repository\org\apache\sling\org.apache.sling.adapter\2.1.10\org.apache.sling.adapter-2.1.10.jar;C:\Users\ColleenMalone\.m2\repository\org\apache\sling\org.apache.sling.featureflags\1.2.2\org.apache.sling.featureflags-1.2.2.jar;C:\Users\ColleenMalone\.m2\repository\org\apache\jackrabbit\oak-jcr\1.8.2\oak-jcr-1.8.2.jar;C:\Users\ColleenMalone\.m2\repository\org\apache\jackrabbit\oak-api\1.8.2\oak-api-1.8.2.jar;C:\Users\ColleenMalone\.m2\repository\org\apache\jackrabbit\oak-core-spi\1.8.2\oak-core-spi-1.8.2.jar;C:\Users\ColleenMalone\.m2\repository\org\apache\jackrabbit\oak-store-spi\1.8.2\oak-store-spi-1.8.2.jar;C:\Users\ColleenMalone\.m2\repository\org\apache\jackrabbit\oak-query-spi\1.8.2\oak-query-spi-1.8.2.jar;C:\Users\ColleenMalone\.m2\repository\org\apache\jackrabbit\oak-security-spi\1.8.2\oak-security-spi-1.8.2.jar;C:\Users\ColleenMalone\.m2\repository\org\apache\jackrabbit\oak-core\1.8.2\oak-core-1.8.2.jar;C:\Users\ColleenMalone\.m2\repository\org\apache\jackrabbit\oak-blob-plugins\1.8.2\oak-blob-plugins-1.8.2.jar;C:\Users\ColleenMalone\.m2\repository\org\apache\jackrabbit\jackrabbit-data\2.16.0\jackrabbit-data-2.16.0.jar;C:\Users\ColleenMalone\.m2\repository\org\slf4j\jcl-over-slf4j\1.7.4\jcl-over-slf4j-1.7.4.jar;C:\Users\ColleenMalone\.m2\repository\org\apache\jackrabbit\oak-blob\1.8.2\oak-blob-1.8.2.jar;C:\Users\ColleenMalone\.m2\repository\org\apache\jackrabbit\oak-commons\1.8.2\oak-commons-1.8.2.jar;C:\Users\ColleenMalone\.m2\repository\commons-lang\commons-lang\2.6\commons-lang-2.6.jar;C:\Users\ColleenMalone\.m2\repository\org\apache\sling\org.apache.sling.contentparser.api\2.0.0\org.apache.sling.contentparser.api-2.0.0.jar;C:\Users\ColleenMalone\.m2\repository\org\apache\sling\org.apache.sling.contentparser.json\2.0.0\org.apache.sling.contentparser.json-2.0.0.jar;C:\Users\ColleenMalone\.m2\repository\org\apache\sling\org.apache.sling.contentparser.xml-jcr\2.0.0\org.apache.sling.contentparser.xml-jcr-2.0.0.jar;C:\Users\ColleenMalone\.m2\repository\org\apache\sling\org.apache.sling.fsresource\2.2.0\org.apache.sling.fsresource-2.2.0.jar;C:\Users\ColleenMalone\.m2\repository\org\apache\geronimo\specs\geronimo-atinject_1.0_spec\1.0\geronimo-atinject_1.0_spec-1.0.jar;C:\Users\ColleenMalone\.m2\repository\org\apache\geronimo\specs\geronimo-json_1.1_spec\1.0\geronimo-json_1.1_spec-1.0.jar;C:\Users\ColleenMalone\.m2\repository\org\apache\sling\org.apache.sling.testing.resourceresolver-mock\1.2.4\org.apache.sling.testing.resourceresolver-mock-1.2.4.jar;C:\Users\ColleenMalone\.m2\repository\org\apache\sling\org.apache.sling.servlet-helpers\1.4.2\org.apache.sling.servlet-helpers-1.4.2.jar;C:\Users\ColleenMalone\.m2\repository\org\apache\jackrabbit\vault\org.apache.jackrabbit.vault\3.1.44\org.apache.jackrabbit.vault-3.1.44.jar;C:\Users\ColleenMalone\.m2\repository\org\apache\commons\commons-imaging\1.0-alpha1\commons-imaging-1.0-alpha1.jar;C:\Users\ColleenMalone\.m2\repository\javax\servlet\javax.servlet-api\3.1.0\javax.servlet-api-3.1.0.jar;C:\Users\ColleenMalone\.m2\repository\javax\servlet\jsp\jsp-api\2.1\jsp-api-2.1.jar;C:\Users\ColleenMalone\.m2\repository\com\day\commons\day-commons-gfx\2.1.28\day-commons-gfx-2.1.28.jar;C:\Users\ColleenMalone\.m2\repository\com\day\commons\day-commons-any\2.0.0\day-commons-any-2.0.0.jar;C:\Users\ColleenMalone\.m2\repository\com\day\commons\day-commons-text\1.1.3\day-commons-text-1.1.3.jar;C:\Users\ColleenMalone\.m2\repository\org\apache\sling\org.apache.sling.testing.hamcrest\1.0.2\org.apache.sling.testing.hamcrest-1.0.2.jar;C:\Users\ColleenMalone\.m2\repository\org\hamcrest\hamcrest-library\1.3\hamcrest-library-1.3.jar;C:\Users\ColleenMalone\.m2\repository\org\hamcrest\hamcrest-core\1.3\hamcrest-core-1.3.jar;C:\Users\ColleenMalone\.m2\repository\org\apache\sling\org.apache.sling.xss\2.0.0\org.apache.sling.xss-2.0.0.jar;C:\Users\ColleenMalone\.m2\repository\org\apache\sling\org.apache.sling.testing.caconfig-mock-plugin\1.3.6\org.apache.sling.testing.caconfig-mock-plugin-1.3.6.jar;C:\Users\ColleenMalone\.m2\repository\org\apache\sling\org.apache.sling.caconfig.api\1.1.0\org.apache.sling.caconfig.api-1.1.0.jar;C:\Users\ColleenMalone\.m2\repository\org\apache\sling\org.apache.sling.caconfig.spi\1.3.0\org.apache.sling.caconfig.spi-1.3.0.jar;C:\Users\ColleenMalone\.m2\repository\org\apache\sling\org.apache.sling.caconfig.impl\1.4.0\org.apache.sling.caconfig.impl-1.4.0.jar;C:\Users\ColleenMalone\.m2\repository\commons-collections\commons-collections\3.2.1\commons-collections-3.2.1.jar;C:\Users\ColleenMalone\.m2\repository\com\adobe\cq\core.wcm.components.testing.aem-mock-plugin\2.17.12\core.wcm.components.testing.aem-mock-plugin-2.17.12.jar;C:\Users\ColleenMalone\.m2\repository\org\apache\sling\org.apache.sling.models.impl\1.4.4\org.apache.sling.models.impl-1.4.4.jar;C:\Users\ColleenMalone\.m2\repository\commons-beanutils\commons-beanutils\1.8.3\commons-beanutils-1.8.3.jar;C:\Users\ColleenMalone\.m2\repository\commons-logging\commons-logging\1.1.1\commons-logging-1.1.1.jar;C:\Users\ColleenMalone\.m2\repository\org\springframework\boot\spring-boot-starter-data-jpa\2.6.4\spring-boot-starter-data-jpa-2.6.4.jar;C:\Users\ColleenMalone\.m2\repository\org\springframework\boot\spring-boot-starter-aop\2.6.4\spring-boot-starter-aop-2.6.4.jar;C:\Users\ColleenMalone\.m2\repository\org\springframework\boot\spring-boot-starter-jdbc\2.6.4\spring-boot-starter-jdbc-2.6.4.jar;C:\Users\ColleenMalone\.m2\repository\com\zaxxer\HikariCP\4.0.3\HikariCP-4.0.3.jar;C:\Users\ColleenMalone\.m2\repository\org\springframework\spring-jdbc\5.3.16\spring-jdbc-5.3.16.jar;C:\Users\ColleenMalone\.m2\repository\jakarta\transaction\jakarta.transaction-api\1.3.3\jakarta.transaction-api-1.3.3.jar;C:\Users\ColleenMalone\.m2\repository\jakarta\persistence\jakarta.persistence-api\2.2.3\jakarta.persistence-api-2.2.3.jar;C:\Users\ColleenMalone\.m2\repository\org\hibernate\hibernate-core\5.6.5.Final\hibernate-core-5.6.5.Final.jar;C:\Users\ColleenMalone\.m2\repository\org\jboss\logging\jboss-logging\3.4.3.Final\jboss-logging-3.4.3.Final.jar;C:\Users\ColleenMalone\.m2\repository\antlr\antlr\2.7.7\antlr-2.7.7.jar;C:\Users\ColleenMalone\.m2\repository\org\jboss\jandex\2.4.2.Final\jandex-2.4.2.Final.jar;C:\Users\ColleenMalone\.m2\repository\com\fasterxml\classmate\1.5.1\classmate-1.5.1.jar;C:\Users\ColleenMalone\.m2\repository\org\hibernate\common\hibernate-commons-annotations\5.1.2.Final\hibernate-commons-annotations-5.1.2.Final.jar;C:\Users\ColleenMalone\.m2\repository\org\glassfish\jaxb\jaxb-runtime\2.3.1\jaxb-runtime-2.3.1.jar;C:\Users\ColleenMalone\.m2\repository\org\glassfish\jaxb\txw2\2.3.1\txw2-2.3.1.jar;C:\Users\ColleenMalone\.m2\repository\com\sun\istack\istack-commons-runtime\3.0.7\istack-commons-runtime-3.0.7.jar;C:\Users\ColleenMalone\.m2\repository\org\jvnet\staxex\stax-ex\1.8\stax-ex-1.8.jar;C:\Users\ColleenMalone\.m2\repository\com\sun\xml\fastinfoset\FastInfoset\1.2.15\FastInfoset-1.2.15.jar;C:\Users\ColleenMalone\.m2\repository\org\springframework\data\spring-data-jpa\2.6.2\spring-data-jpa-2.6.2.jar;C:\Users\ColleenMalone\.m2\repository\org\springframework\data\spring-data-commons\2.6.2\spring-data-commons-2.6.2.jar;C:\Users\ColleenMalone\.m2\repository\org\springframework\spring-orm\5.3.16\spring-orm-5.3.16.jar;C:\Users\ColleenMalone\.m2\repository\org\springframework\spring-tx\5.3.16\spring-tx-5.3.16.jar;C:\Users\ColleenMalone\.m2\repository\org\springframework\spring-aspects\5.3.16\spring-aspects-5.3.16.jar;C:\Users\ColleenMalone\.m2\repository\org\springframework\boot\spring-boot-starter-mail\2.6.4\spring-boot-starter-mail-2.6.4.jar;C:\Users\ColleenMalone\.m2\repository\org\springframework\spring-context-support\5.3.16\spring-context-support-5.3.16.jar;C:\Users\ColleenMalone\.m2\repository\com\sun\mail\jakarta.mail\1.6.7\jakarta.mail-1.6.7.jar;C:\Users\ColleenMalone\.m2\repository\com\sun\activation\jakarta.activation\1.2.1\jakarta.activation-1.2.1.jar;C:\Users\ColleenMalone\.m2\repository\org\springframework\boot\spring-boot-starter-web\2.6.4\spring-boot-starter-web-2.6.4.jar;C:\Users\ColleenMalone\.m2\repository\org\springframework\boot\spring-boot-starter-json\2.6.4\spring-boot-starter-json-2.6.4.jar;C:\Users\ColleenMalone\.m2\repository\com\fasterxml\jackson\core\jackson-databind\2.13.1\jackson-databind-2.13.1.jar;C:\Users\ColleenMalone\.m2\repository\com\fasterxml\jackson\core\jackson-annotations\2.13.1\jackson-annotations-2.13.1.jar;C:\Users\ColleenMalone\.m2\repository\com\fasterxml\jackson\datatype\jackson-datatype-jdk8\2.13.1\jackson-datatype-jdk8-2.13.1.jar;C:\Users\ColleenMalone\.m2\repository\com\fasterxml\jackson\datatype\jackson-datatype-jsr310\2.13.1\jackson-datatype-jsr310-2.13.1.jar;C:\Users\ColleenMalone\.m2\repository\com\fasterxml\jackson\module\jackson-module-parameter-names\2.13.1\jackson-module-parameter-names-2.13.1.jar;C:\Users\ColleenMalone\.m2\repository\org\springframework\boot\spring-boot-starter-tomcat\2.6.4\spring-boot-starter-tomcat-2.6.4.jar;C:\Users\ColleenMalone\.m2\repository\org\apache\tomcat\embed\tomcat-embed-core\9.0.58\tomcat-embed-core-9.0.58.jar;C:\Users\ColleenMalone\.m2\repository\org\apache\tomcat\embed\tomcat-embed-websocket\9.0.58\tomcat-embed-websocket-9.0.58.jar;C:\Users\ColleenMalone\.m2\repository\org\springframework\spring-web\5.3.16\spring-web-5.3.16.jar;C:\Users\ColleenMalone\.m2\repository\org\springframework\spring-webmvc\5.3.16\spring-webmvc-5.3.16.jar;C:\Users\ColleenMalone\.m2\repository\org\postgresql\postgresql\42.3.3\postgresql-42.3.3.jar;C:\Users\ColleenMalone\.m2\repository\org\checkerframework\checker-qual\3.5.0\checker-qual-3.5.0.jar;C:\Users\ColleenMalone\.m2\repository\org\springframework\boot\spring-boot-starter-test\2.6.4\spring-boot-starter-test-2.6.4.jar;C:\Users\ColleenMalone\.m2\repository\org\springframework\boot\spring-boot-test\2.6.4\spring-boot-test-2.6.4.jar;C:\Users\ColleenMalone\.m2\repository\org\springframework\boot\spring-boot-test-autoconfigure\2.6.4\spring-boot-test-autoconfigure-2.6.4.jar;C:\Users\ColleenMalone\.m2\repository\com\jayway\jsonpath\json-path\2.6.0\json-path-2.6.0.jar;C:\Users\ColleenMalone\.m2\repository\net\minidev\json-smart\2.4.7\json-smart-2.4.7.jar;C:\Users\ColleenMalone\.m2\repository\net\minidev\accessors-smart\2.4.7\accessors-smart-2.4.7.jar;C:\Users\ColleenMalone\.m2\repository\org\ow2\asm\asm\9.1\asm-9.1.jar;C:\Users\ColleenMalone\.m2\repository\jakarta\xml\bind\jakarta.xml.bind-api\2.3.3\jakarta.xml.bind-api-2.3.3.jar;C:\Users\ColleenMalone\.m2\repository\jakarta\activation\jakarta.activation-api\1.2.2\jakarta.activation-api-1.2.2.jar;C:\Users\ColleenMalone\.m2\repository\org\assertj\assertj-core\3.21.0\assertj-core-3.21.0.jar;C:\Users\ColleenMalone\.m2\repository\org\hamcrest\hamcrest\2.2\hamcrest-2.2.jar;C:\Users\ColleenMalone\.m2\repository\org\skyscreamer\jsonassert\1.5.0\jsonassert-1.5.0.jar;C:\Users\ColleenMalone\.m2\repository\com\vaadin\external\google\android-json\0.0.20131108.vaadin1\android-json-0.0.20131108.vaadin1.jar;C:\Users\ColleenMalone\.m2\repository\org\springframework\spring-core\5.3.16\spring-core-5.3.16.jar;C:\Users\ColleenMalone\.m2\repository\org\springframework\spring-jcl\5.3.16\spring-jcl-5.3.16.jar;C:\Users\ColleenMalone\.m2\repository\org\springframework\spring-test\5.3.16\spring-test-5.3.16.jar;C:\Users\ColleenMalone\.m2\repository\org\xmlunit\xmlunit-core\2.8.4\xmlunit-core-2.8.4.jar;C:\Users\ColleenMalone\.m2\repository\com\amazonaws\aws-java-sdk\1.12.131\aws-java-sdk-1.12.131.jar;C:\Users\ColleenMalone\.m2\repository\com\amazonaws\aws-java-sdk-amplifyuibuilder\1.12.131\aws-java-sdk-amplifyuibuilder-1.12.131.jar;C:\Users\ColleenMalone\.m2\repository\com\amazonaws\jmespath-java\1.12.131\jmespath-java-1.12.131.jar;C:\Users\ColleenMalone\.m2\repository\com\amazonaws\aws-java-sdk-backupgateway\1.12.131\aws-java-sdk-backupgateway-1.12.131.jar;C:\Users\ColleenMalone\.m2\repository\com\amazonaws\aws-java-sdk-workspacesweb\1.12.131\aws-java-sdk-workspacesweb-1.12.131.jar;C:\Users\ColleenMalone\.m2\repository\com\amazonaws\aws-java-sdk-iottwinmaker\1.12.131\aws-java-sdk-iottwinmaker-1.12.131.jar;C:\Users\ColleenMalone\.m2\repository\com\amazonaws\aws-java-sdk-recyclebin\1.12.131\aws-java-sdk-recyclebin-1.12.131.jar;C:\Users\ColleenMalone\.m2\repository\com\amazonaws\aws-java-sdk-cloudwatchrum\1.12.131\aws-java-sdk-cloudwatchrum-1.12.131.jar;C:\Users\ColleenMalone\.m2\repository\com\amazonaws\aws-java-sdk-cloudwatchevidently\1.12.131\aws-java-sdk-cloudwatchevidently-1.12.131.jar;C:\Users\ColleenMalone\.m2\repository\com\amazonaws\aws-java-sdk-inspector2\1.12.131\aws-java-sdk-inspector2-1.12.131.jar;C:\Users\ColleenMalone\.m2\repository\com\amazonaws\aws-java-sdk-migrationhubrefactorspaces\1.12.131\aws-java-sdk-migrationhubrefactorspaces-1.12.131.jar;C:\Users\ColleenMalone\.m2\repository\com\amazonaws\aws-java-sdk-appconfigdata\1.12.131\aws-java-sdk-appconfigdata-1.12.131.jar;C:\Users\ColleenMalone\.m2\repository\com\amazonaws\aws-java-sdk-drs\1.12.131\aws-java-sdk-drs-1.12.131.jar;C:\Users\ColleenMalone\.m2\repository\com\amazonaws\aws-java-sdk-migrationhubstrategyrecommendations\1.12.131\aws-java-sdk-migrationhubstrategyrecommendations-1.12.131.jar;C:\Users\ColleenMalone\.m2\repository\com\amazonaws\aws-java-sdk-resiliencehub\1.12.131\aws-java-sdk-resiliencehub-1.12.131.jar;C:\Users\ColleenMalone\.m2\repository\com\amazonaws\aws-java-sdk-chimesdkmeetings\1.12.131\aws-java-sdk-chimesdkmeetings-1.12.131.jar;C:\Users\ColleenMalone\.m2\repository\com\amazonaws\aws-java-sdk-panorama\1.12.131\aws-java-sdk-panorama-1.12.131.jar;C:\Users\ColleenMalone\.m2\repository\com\amazonaws\aws-java-sdk-managedgrafana\1.12.131\aws-java-sdk-managedgrafana-1.12.131.jar;C:\Users\ColleenMalone\.m2\repository\com\amazonaws\aws-java-sdk-cloudcontrolapi\1.12.131\aws-java-sdk-cloudcontrolapi-1.12.131.jar;C:\Users\ColleenMalone\.m2\repository\com\amazonaws\aws-java-sdk-account\1.12.131\aws-java-sdk-account-1.12.131.jar;C:\Users\ColleenMalone\.m2\repository\com\amazonaws\aws-java-sdk-voiceid\1.12.131\aws-java-sdk-voiceid-1.12.131.jar;C:\Users\ColleenMalone\.m2\repository\com\amazonaws\aws-java-sdk-connectwisdom\1.12.131\aws-java-sdk-connectwisdom-1.12.131.jar;C:\Users\ColleenMalone\.m2\repository\com\amazonaws\aws-java-sdk-kafkaconnect\1.12.131\aws-java-sdk-kafkaconnect-1.12.131.jar;C:\Users\ColleenMalone\.m2\repository\com\amazonaws\aws-java-sdk-opensearch\1.12.131\aws-java-sdk-opensearch-1.12.131.jar;C:\Users\ColleenMalone\.m2\repository\com\amazonaws\aws-java-sdk-memorydb\1.12.131\aws-java-sdk-memorydb-1.12.131.jar;C:\Users\ColleenMalone\.m2\repository\com\amazonaws\aws-java-sdk-snowdevicemanagement\1.12.131\aws-java-sdk-snowdevicemanagement-1.12.131.jar;C:\Users\ColleenMalone\.m2\repository\com\amazonaws\aws-java-sdk-chimesdkidentity\1.12.131\aws-java-sdk-chimesdkidentity-1.12.131.jar;C:\Users\ColleenMalone\.m2\repository\com\amazonaws\aws-java-sdk-chimesdkmessaging\1.12.131\aws-java-sdk-chimesdkmessaging-1.12.131.jar;C:\Users\ColleenMalone\.m2\repository\com\amazonaws\aws-java-sdk-route53recoverycluster\1.12.131\aws-java-sdk-route53recoverycluster-1.12.131.jar;C:\Users\ColleenMalone\.m2\repository\com\amazonaws\aws-java-sdk-route53recoverycontrolconfig\1.12.131\aws-java-sdk-route53recoverycontrolconfig-1.12.131.jar;C:\Users\ColleenMalone\.m2\repository\com\amazonaws\aws-java-sdk-route53recoveryreadiness\1.12.131\aws-java-sdk-route53recoveryreadiness-1.12.131.jar;C:\Users\ColleenMalone\.m2\repository\com\amazonaws\aws-java-sdk-proton\1.12.131\aws-java-sdk-proton-1.12.131.jar;C:\Users\ColleenMalone\.m2\repository\com\amazonaws\aws-java-sdk-apprunner\1.12.131\aws-java-sdk-apprunner-1.12.131.jar;C:\Users\ColleenMalone\.m2\repository\com\amazonaws\aws-java-sdk-applicationcostprofiler\1.12.131\aws-java-sdk-applicationcostprofiler-1.12.131.jar;C:\Users\ColleenMalone\.m2\repository\com\amazonaws\aws-java-sdk-ssmcontacts\1.12.131\aws-java-sdk-ssmcontacts-1.12.131.jar;C:\Users\ColleenMalone\.m2\repository\com\amazonaws\aws-java-sdk-ssmincidents\1.12.131\aws-java-sdk-ssmincidents-1.12.131.jar;C:\Users\ColleenMalone\.m2\repository\com\amazonaws\aws-java-sdk-finspacedata\1.12.131\aws-java-sdk-finspacedata-1.12.131.jar;C:\Users\ColleenMalone\.m2\repository\com\amazonaws\aws-java-sdk-finspace\1.12.131\aws-java-sdk-finspace-1.12.131.jar;C:\Users\ColleenMalone\.m2\repository\com\amazonaws\aws-java-sdk-nimblestudio\1.12.131\aws-java-sdk-nimblestudio-1.12.131.jar;C:\Users\ColleenMalone\.m2\repository\com\amazonaws\aws-java-sdk-lookoutequipment\1.12.131\aws-java-sdk-lookoutequipment-1.12.131.jar;C:\Users\ColleenMalone\.m2\repository\com\amazonaws\aws-java-sdk-mgn\1.12.131\aws-java-sdk-mgn-1.12.131.jar;C:\Users\ColleenMalone\.m2\repository\com\amazonaws\aws-java-sdk-lookoutmetrics\1.12.131\aws-java-sdk-lookoutmetrics-1.12.131.jar;C:\Users\ColleenMalone\.m2\repository\com\amazonaws\aws-java-sdk-fis\1.12.131\aws-java-sdk-fis-1.12.131.jar;C:\Users\ColleenMalone\.m2\repository\com\amazonaws\aws-java-sdk-lexmodelsv2\1.12.131\aws-java-sdk-lexmodelsv2-1.12.131.jar;C:\Users\ColleenMalone\.m2\repository\com\amazonaws\aws-java-sdk-lexruntimev2\1.12.131\aws-java-sdk-lexruntimev2-1.12.131.jar;C:\Users\ColleenMalone\.m2\repository\com\amazonaws\aws-java-sdk-wellarchitected\1.12.131\aws-java-sdk-wellarchitected-1.12.131.jar;C:\Users\ColleenMalone\.m2\repository\com\amazonaws\aws-java-sdk-location\1.12.131\aws-java-sdk-location-1.12.131.jar;C:\Users\ColleenMalone\.m2\repository\com\amazonaws\aws-java-sdk-iotdeviceadvisor\1.12.131\aws-java-sdk-iotdeviceadvisor-1.12.131.jar;C:\Users\ColleenMalone\.m2\repository\com\amazonaws\aws-java-sdk-iotfleethub\1.12.131\aws-java-sdk-iotfleethub-1.12.131.jar;C:\Users\ColleenMalone\.m2\repository\com\amazonaws\aws-java-sdk-iotwireless\1.12.131\aws-java-sdk-iotwireless-1.12.131.jar;C:\Users\ColleenMalone\.m2\repository\com\amazonaws\aws-java-sdk-greengrassv2\1.12.131\aws-java-sdk-greengrassv2-1.12.131.jar;C:\Users\ColleenMalone\.m2\repository\com\amazonaws\aws-java-sdk-prometheus\1.12.131\aws-java-sdk-prometheus-1.12.131.jar;C:\Users\ColleenMalone\.m2\repository\com\amazonaws\aws-java-sdk-auditmanager\1.12.131\aws-java-sdk-auditmanager-1.12.131.jar;C:\Users\ColleenMalone\.m2\repository\com\amazonaws\aws-java-sdk-healthlake\1.12.131\aws-java-sdk-healthlake-1.12.131.jar;C:\Users\ColleenMalone\.m2\repository\com\amazonaws\aws-java-sdk-sagemakeredgemanager\1.12.131\aws-java-sdk-sagemakeredgemanager-1.12.131.jar;C:\Users\ColleenMalone\.m2\repository\com\amazonaws\aws-java-sdk-emrcontainers\1.12.131\aws-java-sdk-emrcontainers-1.12.131.jar;C:\Users\ColleenMalone\.m2\repository\com\amazonaws\aws-java-sdk-customerprofiles\1.12.131\aws-java-sdk-customerprofiles-1.12.131.jar;C:\Users\ColleenMalone\.m2\repository\com\amazonaws\aws-java-sdk-lookoutforvision\1.12.131\aws-java-sdk-lookoutforvision-1.12.131.jar;C:\Users\ColleenMalone\.m2\repository\com\amazonaws\aws-java-sdk-connectcontactlens\1.12.131\aws-java-sdk-connectcontactlens-1.12.131.jar;C:\Users\ColleenMalone\.m2\repository\com\amazonaws\aws-java-sdk-amplifybackend\1.12.131\aws-java-sdk-amplifybackend-1.12.131.jar;C:\Users\ColleenMalone\.m2\repository\com\amazonaws\aws-java-sdk-ecrpublic\1.12.131\aws-java-sdk-ecrpublic-1.12.131.jar;C:\Users\ColleenMalone\.m2\repository\com\amazonaws\aws-java-sdk-appintegrations\1.12.131\aws-java-sdk-appintegrations-1.12.131.jar;C:\Users\ColleenMalone\.m2\repository\com\amazonaws\aws-java-sdk-sagemakerfeaturestoreruntime\1.12.131\aws-java-sdk-sagemakerfeaturestoreruntime-1.12.131.jar;C:\Users\ColleenMalone\.m2\repository\com\amazonaws\aws-java-sdk-devopsguru\1.12.131\aws-java-sdk-devopsguru-1.12.131.jar;C:\Users\ColleenMalone\.m2\repository\com\amazonaws\aws-java-sdk-mwaa\1.12.131\aws-java-sdk-mwaa-1.12.131.jar;C:\Users\ColleenMalone\.m2\repository\com\amazonaws\aws-java-sdk-networkfirewall\1.12.131\aws-java-sdk-networkfirewall-1.12.131.jar;C:\Users\ColleenMalone\.m2\repository\com\amazonaws\aws-java-sdk-appregistry\1.12.131\aws-java-sdk-appregistry-1.12.131.jar;C:\Users\ColleenMalone\.m2\repository\com\amazonaws\aws-java-sdk-gluedatabrew\1.12.131\aws-java-sdk-gluedatabrew-1.12.131.jar;C:\Users\ColleenMalone\.m2\repository\com\amazonaws\aws-java-sdk-s3outposts\1.12.131\aws-java-sdk-s3outposts-1.12.131.jar;C:\Users\ColleenMalone\.m2\repository\com\amazonaws\aws-java-sdk-timestreamquery\1.12.131\aws-java-sdk-timestreamquery-1.12.131.jar;C:\Users\ColleenMalone\.m2\repository\com\amazonaws\aws-java-sdk-timestreamwrite\1.12.131\aws-java-sdk-timestreamwrite-1.12.131.jar;C:\Users\ColleenMalone\.m2\repository\com\amazonaws\aws-java-sdk-ssoadmin\1.12.131\aws-java-sdk-ssoadmin-1.12.131.jar;C:\Users\ColleenMalone\.m2\repository\com\amazonaws\aws-java-sdk-redshiftdataapi\1.12.131\aws-java-sdk-redshiftdataapi-1.12.131.jar;C:\Users\ColleenMalone\.m2\repository\com\amazonaws\aws-java-sdk-appflow\1.12.131\aws-java-sdk-appflow-1.12.131.jar;C:\Users\ColleenMalone\.m2\repository\com\amazonaws\aws-java-sdk-identitystore\1.12.131\aws-java-sdk-identitystore-1.12.131.jar;C:\Users\ColleenMalone\.m2\repository\com\amazonaws\aws-java-sdk-braket\1.12.131\aws-java-sdk-braket-1.12.131.jar;C:\Users\ColleenMalone\.m2\repository\com\amazonaws\aws-java-sdk-ivs\1.12.131\aws-java-sdk-ivs-1.12.131.jar;C:\Users\ColleenMalone\.m2\repository\com\amazonaws\aws-java-sdk-honeycode\1.12.131\aws-java-sdk-honeycode-1.12.131.jar;C:\Users\ColleenMalone\.m2\repository\com\amazonaws\aws-java-sdk-codeartifact\1.12.131\aws-java-sdk-codeartifact-1.12.131.jar;C:\Users\ColleenMalone\.m2\repository\com\amazonaws\aws-java-sdk-macie2\1.12.131\aws-java-sdk-macie2-1.12.131.jar;C:\Users\ColleenMalone\.m2\repository\com\amazonaws\aws-java-sdk-iotsitewise\1.12.131\aws-java-sdk-iotsitewise-1.12.131.jar;C:\Users\ColleenMalone\.m2\repository\com\amazonaws\aws-java-sdk-synthetics\1.12.131\aws-java-sdk-synthetics-1.12.131.jar;C:\Users\ColleenMalone\.m2\repository\com\amazonaws\aws-java-sdk-codestarconnections\1.12.131\aws-java-sdk-codestarconnections-1.12.131.jar;C:\Users\ColleenMalone\.m2\repository\com\amazonaws\aws-java-sdk-detective\1.12.131\aws-java-sdk-detective-1.12.131.jar;C:\Users\ColleenMalone\.m2\repository\com\amazonaws\aws-java-sdk-kinesisvideosignalingchannels\1.12.131\aws-java-sdk-kinesisvideosignalingchannels-1.12.131.jar;C:\Users\ColleenMalone\.m2\repository\com\amazonaws\aws-java-sdk-ebs\1.12.131\aws-java-sdk-ebs-1.12.131.jar;C:\Users\ColleenMalone\.m2\repository\com\amazonaws\aws-java-sdk-augmentedairuntime\1.12.131\aws-java-sdk-augmentedairuntime-1.12.131.jar;C:\Users\ColleenMalone\.m2\repository\com\amazonaws\aws-java-sdk-outposts\1.12.131\aws-java-sdk-outposts-1.12.131.jar;C:\Users\ColleenMalone\.m2\repository\com\amazonaws\aws-java-sdk-codeguruprofiler\1.12.131\aws-java-sdk-codeguruprofiler-1.12.131.jar;C:\Users\ColleenMalone\.m2\repository\com\amazonaws\aws-java-sdk-codegurureviewer\1.12.131\aws-java-sdk-codegurureviewer-1.12.131.jar;C:\Users\ColleenMalone\.m2\repository\com\amazonaws\aws-java-sdk-frauddetector\1.12.131\aws-java-sdk-frauddetector-1.12.131.jar;C:\Users\ColleenMalone\.m2\repository\com\amazonaws\aws-java-sdk-kendra\1.12.131\aws-java-sdk-kendra-1.12.131.jar;C:\Users\ColleenMalone\.m2\repository\com\amazonaws\aws-java-sdk-networkmanager\1.12.131\aws-java-sdk-networkmanager-1.12.131.jar;C:\Users\ColleenMalone\.m2\repository\com\amazonaws\aws-java-sdk-computeoptimizer\1.12.131\aws-java-sdk-computeoptimizer-1.12.131.jar;C:\Users\ColleenMalone\.m2\repository\com\amazonaws\aws-java-sdk-accessanalyzer\1.12.131\aws-java-sdk-accessanalyzer-1.12.131.jar;C:\Users\ColleenMalone\.m2\repository\com\amazonaws\aws-java-sdk-schemas\1.12.131\aws-java-sdk-schemas-1.12.131.jar;C:\Users\ColleenMalone\.m2\repository\com\amazonaws\aws-java-sdk-imagebuilder\1.12.131\aws-java-sdk-imagebuilder-1.12.131.jar;C:\Users\ColleenMalone\.m2\repository\com\amazonaws\aws-java-sdk-elasticinference\1.12.131\aws-java-sdk-elasticinference-1.12.131.jar;C:\Users\ColleenMalone\.m2\repository\com\amazonaws\aws-java-sdk-iotsecuretunneling\1.12.131\aws-java-sdk-iotsecuretunneling-1.12.131.jar;C:\Users\ColleenMalone\.m2\repository\com\amazonaws\aws-java-sdk-appconfig\1.12.131\aws-java-sdk-appconfig-1.12.131.jar;C:\Users\ColleenMalone\.m2\repository\com\amazonaws\aws-java-sdk-wafv2\1.12.131\aws-java-sdk-wafv2-1.12.131.jar;C:\Users\ColleenMalone\.m2\repository\com\amazonaws\aws-java-sdk-connectparticipant\1.12.131\aws-java-sdk-connectparticipant-1.12.131.jar;C:\Users\ColleenMalone\.m2\repository\com\amazonaws\aws-java-sdk-migrationhubconfig\1.12.131\aws-java-sdk-migrationhubconfig-1.12.131.jar;C:\Users\ColleenMalone\.m2\repository\com\amazonaws\aws-java-sdk-dataexchange\1.12.131\aws-java-sdk-dataexchange-1.12.131.jar;C:\Users\ColleenMalone\.m2\repository\com\amazonaws\aws-java-sdk-sesv2\1.12.131\aws-java-sdk-sesv2-1.12.131.jar;C:\Users\ColleenMalone\.m2\repository\com\amazonaws\aws-java-sdk-marketplacecatalog\1.12.131\aws-java-sdk-marketplacecatalog-1.12.131.jar;C:\Users\ColleenMalone\.m2\repository\com\amazonaws\aws-java-sdk-ssooidc\1.12.131\aws-java-sdk-ssooidc-1.12.131.jar;C:\Users\ColleenMalone\.m2\repository\com\amazonaws\aws-java-sdk-sso\1.12.131\aws-java-sdk-sso-1.12.131.jar;C:\Users\ColleenMalone\.m2\repository\com\amazonaws\aws-java-sdk-savingsplans\1.12.131\aws-java-sdk-savingsplans-1.12.131.jar;C:\Users\ColleenMalone\.m2\repository\com\amazonaws\aws-java-sdk-codestarnotifications\1.12.131\aws-java-sdk-codestarnotifications-1.12.131.jar;C:\Users\ColleenMalone\.m2\repository\com\amazonaws\aws-java-sdk-workmailmessageflow\1.12.131\aws-java-sdk-workmailmessageflow-1.12.131.jar;C:\Users\ColleenMalone\.m2\repository\com\amazonaws\aws-java-sdk-qldbsession\1.12.131\aws-java-sdk-qldbsession-1.12.131.jar;C:\Users\ColleenMalone\.m2\repository\com\amazonaws\aws-java-sdk-qldb\1.12.131\aws-java-sdk-qldb-1.12.131.jar;C:\Users\ColleenMalone\.m2\repository\com\amazonaws\aws-java-sdk-forecastquery\1.12.131\aws-java-sdk-forecastquery-1.12.131.jar;C:\Users\ColleenMalone\.m2\repository\com\amazonaws\aws-java-sdk-forecast\1.12.131\aws-java-sdk-forecast-1.12.131.jar;C:\Users\ColleenMalone\.m2\repository\com\amazonaws\aws-java-sdk-lakeformation\1.12.131\aws-java-sdk-lakeformation-1.12.131.jar;C:\Users\ColleenMalone\.m2\repository\com\amazonaws\aws-java-sdk-eventbridge\1.12.131\aws-java-sdk-eventbridge-1.12.131.jar;C:\Users\ColleenMalone\.m2\repository\com\amazonaws\aws-java-sdk-ec2instanceconnect\1.12.131\aws-java-sdk-ec2instanceconnect-1.12.131.jar;C:\Users\ColleenMalone\.m2\repository\com\amazonaws\aws-java-sdk-applicationinsights\1.12.131\aws-java-sdk-applicationinsights-1.12.131.jar;C:\Users\ColleenMalone\.m2\repository\com\amazonaws\aws-java-sdk-servicequotas\1.12.131\aws-java-sdk-servicequotas-1.12.131.jar;C:\Users\ColleenMalone\.m2\repository\com\amazonaws\aws-java-sdk-personalizeevents\1.12.131\aws-java-sdk-personalizeevents-1.12.131.jar;C:\Users\ColleenMalone\.m2\repository\com\amazonaws\aws-java-sdk-personalize\1.12.131\aws-java-sdk-personalize-1.12.131.jar;C:\Users\ColleenMalone\.m2\repository\com\amazonaws\aws-java-sdk-personalizeruntime\1.12.131\aws-java-sdk-personalizeruntime-1.12.131.jar;C:\Users\ColleenMalone\.m2\repository\com\amazonaws\aws-java-sdk-ioteventsdata\1.12.131\aws-java-sdk-ioteventsdata-1.12.131.jar;C:\Users\ColleenMalone\.m2\repository\com\amazonaws\aws-java-sdk-iotevents\1.12.131\aws-java-sdk-iotevents-1.12.131.jar;C:\Users\ColleenMalone\.m2\repository\com\amazonaws\aws-java-sdk-iotthingsgraph\1.12.131\aws-java-sdk-iotthingsgraph-1.12.131.jar;C:\Users\ColleenMalone\.m2\repository\com\amazonaws\aws-java-sdk-groundstation\1.12.131\aws-java-sdk-groundstation-1.12.131.jar;C:\Users\ColleenMalone\.m2\repository\com\amazonaws\aws-java-sdk-mediapackagevod\1.12.131\aws-java-sdk-mediapackagevod-1.12.131.jar;C:\Users\ColleenMalone\.m2\repository\com\amazonaws\aws-java-sdk-managedblockchain\1.12.131\aws-java-sdk-managedblockchain-1.12.131.jar;C:\Users\ColleenMalone\.m2\repository\com\amazonaws\aws-java-sdk-textract\1.12.131\aws-java-sdk-textract-1.12.131.jar;C:\Users\ColleenMalone\.m2\repository\com\amazonaws\aws-java-sdk-worklink\1.12.131\aws-java-sdk-worklink-1.12.131.jar;C:\Users\ColleenMalone\.m2\repository\com\amazonaws\aws-java-sdk-backup\1.12.131\aws-java-sdk-backup-1.12.131.jar;C:\Users\ColleenMalone\.m2\repository\com\amazonaws\aws-java-sdk-docdb\1.12.131\aws-java-sdk-docdb-1.12.131.jar;C:\Users\ColleenMalone\.m2\repository\com\amazonaws\aws-java-sdk-apigatewayv2\1.12.131\aws-java-sdk-apigatewayv2-1.12.131.jar;C:\Users\ColleenMalone\.m2\repository\com\amazonaws\aws-java-sdk-apigatewaymanagementapi\1.12.131\aws-java-sdk-apigatewaymanagementapi-1.12.131.jar;C:\Users\ColleenMalone\.m2\repository\com\amazonaws\aws-java-sdk-kafka\1.12.131\aws-java-sdk-kafka-1.12.131.jar;C:\Users\ColleenMalone\.m2\repository\com\amazonaws\aws-java-sdk-appmesh\1.12.131\aws-java-sdk-appmesh-1.12.131.jar;C:\Users\ColleenMalone\.m2\repository\com\amazonaws\aws-java-sdk-licensemanager\1.12.131\aws-java-sdk-licensemanager-1.12.131.jar;C:\Users\ColleenMalone\.m2\repository\com\amazonaws\aws-java-sdk-securityhub\1.12.131\aws-java-sdk-securityhub-1.12.131.jar;C:\Users\ColleenMalone\.m2\repository\com\amazonaws\aws-java-sdk-fsx\1.12.131\aws-java-sdk-fsx-1.12.131.jar;C:\Users\ColleenMalone\.m2\repository\com\amazonaws\aws-java-sdk-mediaconnect\1.12.131\aws-java-sdk-mediaconnect-1.12.131.jar;C:\Users\ColleenMalone\.m2\repository\com\amazonaws\aws-java-sdk-kinesisanalyticsv2\1.12.131\aws-java-sdk-kinesisanalyticsv2-1.12.131.jar;C:\Users\ColleenMalone\.m2\repository\com\amazonaws\aws-java-sdk-comprehendmedical\1.12.131\aws-java-sdk-comprehendmedical-1.12.131.jar;C:\Users\ColleenMalone\.m2\repository\com\amazonaws\aws-java-sdk-globalaccelerator\1.12.131\aws-java-sdk-globalaccelerator-1.12.131.jar;C:\Users\ColleenMalone\.m2\repository\com\amazonaws\aws-java-sdk-transfer\1.12.131\aws-java-sdk-transfer-1.12.131.jar;C:\Users\ColleenMalone\.m2\repository\com\amazonaws\aws-java-sdk-datasync\1.12.131\aws-java-sdk-datasync-1.12.131.jar;C:\Users\ColleenMalone\.m2\repository\com\amazonaws\aws-java-sdk-robomaker\1.12.131\aws-java-sdk-robomaker-1.12.131.jar;C:\Users\ColleenMalone\.m2\repository\com\amazonaws\aws-java-sdk-amplify\1.12.131\aws-java-sdk-amplify-1.12.131.jar;C:\Users\ColleenMalone\.m2\repository\com\amazonaws\aws-java-sdk-quicksight\1.12.131\aws-java-sdk-quicksight-1.12.131.jar;C:\Users\ColleenMalone\.m2\repository\com\amazonaws\aws-java-sdk-rdsdata\1.12.131\aws-java-sdk-rdsdata-1.12.131.jar;C:\Users\ColleenMalone\.m2\repository\com\amazonaws\aws-java-sdk-route53resolver\1.12.131\aws-java-sdk-route53resolver-1.12.131.jar;C:\Users\ColleenMalone\.m2\repository\com\amazonaws\aws-java-sdk-ram\1.12.131\aws-java-sdk-ram-1.12.131.jar;C:\Users\ColleenMalone\.m2\repository\com\amazonaws\aws-java-sdk-s3control\1.12.131\aws-java-sdk-s3control-1.12.131.jar;C:\Users\ColleenMalone\.m2\repository\com\amazonaws\aws-java-sdk-pinpointsmsvoice\1.12.131\aws-java-sdk-pinpointsmsvoice-1.12.131.jar;C:\Users\ColleenMalone\.m2\repository\com\amazonaws\aws-java-sdk-pinpointemail\1.12.131\aws-java-sdk-pinpointemail-1.12.131.jar;C:\Users\ColleenMalone\.m2\repository\com\amazonaws\aws-java-sdk-chime\1.12.131\aws-java-sdk-chime-1.12.131.jar;C:\Users\ColleenMalone\.m2\repository\com\amazonaws\aws-java-sdk-signer\1.12.131\aws-java-sdk-signer-1.12.131.jar;C:\Users\ColleenMalone\.m2\repository\com\amazonaws\aws-java-sdk-dlm\1.12.131\aws-java-sdk-dlm-1.12.131.jar;C:\Users\ColleenMalone\.m2\repository\com\amazonaws\aws-java-sdk-macie\1.12.131\aws-java-sdk-macie-1.12.131.jar;C:\Users\ColleenMalone\.m2\repository\com\amazonaws\aws-java-sdk-eks\1.12.131\aws-java-sdk-eks-1.12.131.jar;C:\Users\ColleenMalone\.m2\repository\com\amazonaws\aws-java-sdk-mediatailor\1.12.131\aws-java-sdk-mediatailor-1.12.131.jar;C:\Users\ColleenMalone\.m2\repository\com\amazonaws\aws-java-sdk-neptune\1.12.131\aws-java-sdk-neptune-1.12.131.jar;C:\Users\ColleenMalone\.m2\repository\com\amazonaws\aws-java-sdk-pi\1.12.131\aws-java-sdk-pi-1.12.131.jar;C:\Users\ColleenMalone\.m2\repository\com\amazonaws\aws-java-sdk-iot1clickprojects\1.12.131\aws-java-sdk-iot1clickprojects-1.12.131.jar;C:\Users\ColleenMalone\.m2\repository\com\amazonaws\aws-java-sdk-iot1clickdevices\1.12.131\aws-java-sdk-iot1clickdevices-1.12.131.jar;C:\Users\ColleenMalone\.m2\repository\com\amazonaws\aws-java-sdk-iotanalytics\1.12.131\aws-java-sdk-iotanalytics-1.12.131.jar;C:\Users\ColleenMalone\.m2\repository\com\amazonaws\aws-java-sdk-acmpca\1.12.131\aws-java-sdk-acmpca-1.12.131.jar;C:\Users\ColleenMalone\.m2\repository\com\amazonaws\aws-java-sdk-secretsmanager\1.12.131\aws-java-sdk-secretsmanager-1.12.131.jar;C:\Users\ColleenMalone\.m2\repository\com\amazonaws\aws-java-sdk-fms\1.12.131\aws-java-sdk-fms-1.12.131.jar;C:\Users\ColleenMalone\.m2\repository\com\amazonaws\aws-java-sdk-connect\1.12.131\aws-java-sdk-connect-1.12.131.jar;C:\Users\ColleenMalone\.m2\repository\com\amazonaws\aws-java-sdk-transcribe\1.12.131\aws-java-sdk-transcribe-1.12.131.jar;C:\Users\ColleenMalone\.m2\repository\com\amazonaws\aws-java-sdk-autoscalingplans\1.12.131\aws-java-sdk-autoscalingplans-1.12.131.jar;C:\Users\ColleenMalone\.m2\repository\com\amazonaws\aws-java-sdk-workmail\1.12.131\aws-java-sdk-workmail-1.12.131.jar;C:\Users\ColleenMalone\.m2\repository\com\amazonaws\aws-java-sdk-servicediscovery\1.12.131\aws-java-sdk-servicediscovery-1.12.131.jar;C:\Users\ColleenMalone\.m2\repository\com\amazonaws\aws-java-sdk-cloud9\1.12.131\aws-java-sdk-cloud9-1.12.131.jar;C:\Users\ColleenMalone\.m2\repository\com\amazonaws\aws-java-sdk-serverlessapplicationrepository\1.12.131\aws-java-sdk-serverlessapplicationrepository-1.12.131.jar;C:\Users\ColleenMalone\.m2\repository\com\amazonaws\aws-java-sdk-alexaforbusiness\1.12.131\aws-java-sdk-alexaforbusiness-1.12.131.jar;C:\Users\ColleenMalone\.m2\repository\com\amazonaws\aws-java-sdk-resourcegroups\1.12.131\aws-java-sdk-resourcegroups-1.12.131.jar;C:\Users\ColleenMalone\.m2\repository\com\amazonaws\aws-java-sdk-comprehend\1.12.131\aws-java-sdk-comprehend-1.12.131.jar;C:\Users\ColleenMalone\.m2\repository\com\amazonaws\aws-java-sdk-translate\1.12.131\aws-java-sdk-translate-1.12.131.jar;C:\Users\ColleenMalone\.m2\repository\com\amazonaws\aws-java-sdk-sagemaker\1.12.131\aws-java-sdk-sagemaker-1.12.131.jar;C:\Users\ColleenMalone\.m2\repository\com\amazonaws\aws-java-sdk-iotjobsdataplane\1.12.131\aws-java-sdk-iotjobsdataplane-1.12.131.jar;C:\Users\ColleenMalone\.m2\repository\com\amazonaws\aws-java-sdk-sagemakerruntime\1.12.131\aws-java-sdk-sagemakerruntime-1.12.131.jar;C:\Users\ColleenMalone\.m2\repository\com\amazonaws\aws-java-sdk-kinesisvideo\1.12.131\aws-java-sdk-kinesisvideo-1.12.131.jar;C:\Users\ColleenMalone\.m2\repository\io\netty\netty-codec-http\4.1.68.Final\netty-codec-http-4.1.68.Final.jar;C:\Users\ColleenMalone\.m2\repository\io\netty\netty-common\4.1.68.Final\netty-common-4.1.68.Final.jar;C:\Users\ColleenMalone\.m2\repository\io\netty\netty-buffer\4.1.68.Final\netty-buffer-4.1.68.Final.jar;C:\Users\ColleenMalone\.m2\repository\io\netty\netty-transport\4.1.68.Final\netty-transport-4.1.68.Final.jar;C:\Users\ColleenMalone\.m2\repository\io\netty\netty-codec\4.1.68.Final\netty-codec-4.1.68.Final.jar;C:\Users\ColleenMalone\.m2\repository\io\netty\netty-handler\4.1.68.Final\netty-handler-4.1.68.Final.jar;C:\Users\ColleenMalone\.m2\repository\io\netty\netty-resolver\4.1.68.Final\netty-resolver-4.1.68.Final.jar;C:\Users\ColleenMalone\.m2\repository\com\amazonaws\aws-java-sdk-appsync\1.12.131\aws-java-sdk-appsync-1.12.131.jar;C:\Users\ColleenMalone\.m2\repository\com\amazonaws\aws-java-sdk-guardduty\1.12.131\aws-java-sdk-guardduty-1.12.131.jar;C:\Users\ColleenMalone\.m2\repository\com\amazonaws\aws-java-sdk-mq\1.12.131\aws-java-sdk-mq-1.12.131.jar;C:\Users\ColleenMalone\.m2\repository\com\amazonaws\aws-java-sdk-mediaconvert\1.12.131\aws-java-sdk-mediaconvert-1.12.131.jar;C:\Users\ColleenMalone\.m2\repository\com\amazonaws\aws-java-sdk-mediastore\1.12.131\aws-java-sdk-mediastore-1.12.131.jar;C:\Users\ColleenMalone\.m2\repository\com\amazonaws\aws-java-sdk-mediastoredata\1.12.131\aws-java-sdk-mediastoredata-1.12.131.jar;C:\Users\ColleenMalone\.m2\repository\com\amazonaws\aws-java-sdk-medialive\1.12.131\aws-java-sdk-medialive-1.12.131.jar;C:\Users\ColleenMalone\.m2\repository\com\amazonaws\aws-java-sdk-mediapackage\1.12.131\aws-java-sdk-mediapackage-1.12.131.jar;C:\Users\ColleenMalone\.m2\repository\com\amazonaws\aws-java-sdk-costexplorer\1.12.131\aws-java-sdk-costexplorer-1.12.131.jar;C:\Users\ColleenMalone\.m2\repository\com\amazonaws\aws-java-sdk-pricing\1.12.131\aws-java-sdk-pricing-1.12.131.jar;C:\Users\ColleenMalone\.m2\repository\com\amazonaws\aws-java-sdk-mobile\1.12.131\aws-java-sdk-mobile-1.12.131.jar;C:\Users\ColleenMalone\.m2\repository\com\amazonaws\aws-java-sdk-cloudhsmv2\1.12.131\aws-java-sdk-cloudhsmv2-1.12.131.jar;C:\Users\ColleenMalone\.m2\repository\com\amazonaws\aws-java-sdk-glue\1.12.131\aws-java-sdk-glue-1.12.131.jar;C:\Users\ColleenMalone\.m2\repository\com\amazonaws\aws-java-sdk-migrationhub\1.12.131\aws-java-sdk-migrationhub-1.12.131.jar;C:\Users\ColleenMalone\.m2\repository\com\amazonaws\aws-java-sdk-dax\1.12.131\aws-java-sdk-dax-1.12.131.jar;C:\Users\ColleenMalone\.m2\repository\com\amazonaws\aws-java-sdk-greengrass\1.12.131\aws-java-sdk-greengrass-1.12.131.jar;C:\Users\ColleenMalone\.m2\repository\com\amazonaws\aws-java-sdk-athena\1.12.131\aws-java-sdk-athena-1.12.131.jar;C:\Users\ColleenMalone\.m2\repository\com\amazonaws\aws-java-sdk-marketplaceentitlement\1.12.131\aws-java-sdk-marketplaceentitlement-1.12.131.jar;C:\Users\ColleenMalone\.m2\repository\com\amazonaws\aws-java-sdk-codestar\1.12.131\aws-java-sdk-codestar-1.12.131.jar;C:\Users\ColleenMalone\.m2\repository\com\amazonaws\aws-java-sdk-lexmodelbuilding\1.12.131\aws-java-sdk-lexmodelbuilding-1.12.131.jar;C:\Users\ColleenMalone\.m2\repository\com\amazonaws\aws-java-sdk-resourcegroupstaggingapi\1.12.131\aws-java-sdk-resourcegroupstaggingapi-1.12.131.jar;C:\Users\ColleenMalone\.m2\repository\com\amazonaws\aws-java-sdk-pinpoint\1.12.131\aws-java-sdk-pinpoint-1.12.131.jar;C:\Users\ColleenMalone\.m2\repository\com\amazonaws\aws-java-sdk-xray\1.12.131\aws-java-sdk-xray-1.12.131.jar;C:\Users\ColleenMalone\.m2\repository\com\amazonaws\aws-java-sdk-opsworkscm\1.12.131\aws-java-sdk-opsworkscm-1.12.131.jar;C:\Users\ColleenMalone\.m2\repository\com\amazonaws\aws-java-sdk-support\1.12.131\aws-java-sdk-support-1.12.131.jar;C:\Users\ColleenMalone\.m2\repository\com\amazonaws\aws-java-sdk-simpledb\1.12.131\aws-java-sdk-simpledb-1.12.131.jar;C:\Users\ColleenMalone\.m2\repository\com\amazonaws\aws-java-sdk-servicecatalog\1.12.131\aws-java-sdk-servicecatalog-1.12.131.jar;C:\Users\ColleenMalone\.m2\repository\com\amazonaws\aws-java-sdk-servermigration\1.12.131\aws-java-sdk-servermigration-1.12.131.jar;C:\Users\ColleenMalone\.m2\repository\com\amazonaws\aws-java-sdk-simpleworkflow\1.12.131\aws-java-sdk-simpleworkflow-1.12.131.jar;C:\Users\ColleenMalone\.m2\repository\com\amazonaws\aws-java-sdk-storagegateway\1.12.131\aws-java-sdk-storagegateway-1.12.131.jar;C:\Users\ColleenMalone\.m2\repository\com\amazonaws\aws-java-sdk-route53\1.12.131\aws-java-sdk-route53-1.12.131.jar;C:\Users\ColleenMalone\.m2\repository\com\amazonaws\aws-java-sdk-s3\1.12.131\aws-java-sdk-s3-1.12.131.jar;C:\Users\ColleenMalone\.m2\repository\com\amazonaws\aws-java-sdk-importexport\1.12.131\aws-java-sdk-importexport-1.12.131.jar;C:\Users\ColleenMalone\.m2\repository\com\amazonaws\aws-java-sdk-sts\1.12.131\aws-java-sdk-sts-1.12.131.jar;C:\Users\ColleenMalone\.m2\repository\com\amazonaws\aws-java-sdk-sqs\1.12.131\aws-java-sdk-sqs-1.12.131.jar;C:\Users\ColleenMalone\.m2\repository\com\amazonaws\aws-java-sdk-rds\1.12.131\aws-java-sdk-rds-1.12.131.jar;C:\Users\ColleenMalone\.m2\repository\com\amazonaws\aws-java-sdk-redshift\1.12.131\aws-java-sdk-redshift-1.12.131.jar;C:\Users\ColleenMalone\.m2\repository\com\amazonaws\aws-java-sdk-elasticbeanstalk\1.12.131\aws-java-sdk-elasticbeanstalk-1.12.131.jar;C:\Users\ColleenMalone\.m2\repository\com\amazonaws\aws-java-sdk-glacier\1.12.131\aws-java-sdk-glacier-1.12.131.jar;C:\Users\ColleenMalone\.m2\repository\com\amazonaws\aws-java-sdk-iam\1.12.131\aws-java-sdk-iam-1.12.131.jar;C:\Users\ColleenMalone\.m2\repository\com\amazonaws\aws-java-sdk-datapipeline\1.12.131\aws-java-sdk-datapipeline-1.12.131.jar;C:\Users\ColleenMalone\.m2\repository\com\amazonaws\aws-java-sdk-elasticloadbalancing\1.12.131\aws-java-sdk-elasticloadbalancing-1.12.131.jar;C:\Users\ColleenMalone\.m2\repository\com\amazonaws\aws-java-sdk-elasticloadbalancingv2\1.12.131\aws-java-sdk-elasticloadbalancingv2-1.12.131.jar;C:\Users\ColleenMalone\.m2\repository\com\amazonaws\aws-java-sdk-emr\1.12.131\aws-java-sdk-emr-1.12.131.jar;C:\Users\ColleenMalone\.m2\repository\com\amazonaws\aws-java-sdk-elasticache\1.12.131\aws-java-sdk-elasticache-1.12.131.jar;C:\Users\ColleenMalone\.m2\repository\com\amazonaws\aws-java-sdk-elastictranscoder\1.12.131\aws-java-sdk-elastictranscoder-1.12.131.jar;C:\Users\ColleenMalone\.m2\repository\com\amazonaws\aws-java-sdk-ec2\1.12.131\aws-java-sdk-ec2-1.12.131.jar;C:\Users\ColleenMalone\.m2\repository\com\amazonaws\aws-java-sdk-dynamodb\1.12.131\aws-java-sdk-dynamodb-1.12.131.jar;C:\Users\ColleenMalone\.m2\repository\com\amazonaws\aws-java-sdk-sns\1.12.131\aws-java-sdk-sns-1.12.131.jar;C:\Users\ColleenMalone\.m2\repository\com\amazonaws\aws-java-sdk-budgets\1.12.131\aws-java-sdk-budgets-1.12.131.jar;C:\Users\ColleenMalone\.m2\repository\com\amazonaws\aws-java-sdk-cloudtrail\1.12.131\aws-java-sdk-cloudtrail-1.12.131.jar;C:\Users\ColleenMalone\.m2\repository\com\amazonaws\aws-java-sdk-cloudwatch\1.12.131\aws-java-sdk-cloudwatch-1.12.131.jar;C:\Users\ColleenMalone\.m2\repository\com\amazonaws\aws-java-sdk-logs\1.12.131\aws-java-sdk-logs-1.12.131.jar;C:\Users\ColleenMalone\.m2\repository\com\amazonaws\aws-java-sdk-events\1.12.131\aws-java-sdk-events-1.12.131.jar;C:\Users\ColleenMalone\.m2\repository\com\amazonaws\aws-java-sdk-cognitoidentity\1.12.131\aws-java-sdk-cognitoidentity-1.12.131.jar;C:\Users\ColleenMalone\.m2\repository\com\amazonaws\aws-java-sdk-cognitosync\1.12.131\aws-java-sdk-cognitosync-1.12.131.jar;C:\Users\ColleenMalone\.m2\repository\com\amazonaws\aws-java-sdk-directconnect\1.12.131\aws-java-sdk-directconnect-1.12.131.jar;C:\Users\ColleenMalone\.m2\repository\com\amazonaws\aws-java-sdk-cloudformation\1.12.131\aws-java-sdk-cloudformation-1.12.131.jar;C:\Users\ColleenMalone\.m2\repository\com\amazonaws\aws-java-sdk-cloudfront\1.12.131\aws-java-sdk-cloudfront-1.12.131.jar;C:\Users\ColleenMalone\.m2\repository\com\amazonaws\aws-java-sdk-clouddirectory\1.12.131\aws-java-sdk-clouddirectory-1.12.131.jar;C:\Users\ColleenMalone\.m2\repository\com\amazonaws\aws-java-sdk-kinesis\1.12.131\aws-java-sdk-kinesis-1.12.131.jar;C:\Users\ColleenMalone\.m2\repository\com\amazonaws\aws-java-sdk-opsworks\1.12.131\aws-java-sdk-opsworks-1.12.131.jar;C:\Users\ColleenMalone\.m2\repository\com\amazonaws\aws-java-sdk-ses\1.12.131\aws-java-sdk-ses-1.12.131.jar;C:\Users\ColleenMalone\.m2\repository\com\amazonaws\aws-java-sdk-autoscaling\1.12.131\aws-java-sdk-autoscaling-1.12.131.jar;C:\Users\ColleenMalone\.m2\repository\com\amazonaws\aws-java-sdk-cloudsearch\1.12.131\aws-java-sdk-cloudsearch-1.12.131.jar;C:\Users\ColleenMalone\.m2\repository\com\amazonaws\aws-java-sdk-cloudwatchmetrics\1.12.131\aws-java-sdk-cloudwatchmetrics-1.12.131.jar;C:\Users\ColleenMalone\.m2\repository\com\amazonaws\aws-java-sdk-codedeploy\1.12.131\aws-java-sdk-codedeploy-1.12.131.jar;C:\Users\ColleenMalone\.m2\repository\com\amazonaws\aws-java-sdk-codepipeline\1.12.131\aws-java-sdk-codepipeline-1.12.131.jar;C:\Users\ColleenMalone\.m2\repository\com\amazonaws\aws-java-sdk-kms\1.12.131\aws-java-sdk-kms-1.12.131.jar;C:\Users\ColleenMalone\.m2\repository\com\amazonaws\aws-java-sdk-config\1.12.131\aws-java-sdk-config-1.12.131.jar;C:\Users\ColleenMalone\.m2\repository\com\amazonaws\aws-java-sdk-lambda\1.12.131\aws-java-sdk-lambda-1.12.131.jar;C:\Users\ColleenMalone\.m2\repository\com\amazonaws\aws-java-sdk-ecs\1.12.131\aws-java-sdk-ecs-1.12.131.jar;C:\Users\ColleenMalone\.m2\repository\com\amazonaws\aws-java-sdk-ecr\1.12.131\aws-java-sdk-ecr-1.12.131.jar;C:\Users\ColleenMalone\.m2\repository\com\amazonaws\aws-java-sdk-cloudhsm\1.12.131\aws-java-sdk-cloudhsm-1.12.131.jar;C:\Users\ColleenMalone\.m2\repository\com\amazonaws\aws-java-sdk-ssm\1.12.131\aws-java-sdk-ssm-1.12.131.jar;C:\Users\ColleenMalone\.m2\repository\com\amazonaws\aws-java-sdk-workspaces\1.12.131\aws-java-sdk-workspaces-1.12.131.jar;C:\Users\ColleenMalone\.m2\repository\com\amazonaws\aws-java-sdk-machinelearning\1.12.131\aws-java-sdk-machinelearning-1.12.131.jar;C:\Users\ColleenMalone\.m2\repository\com\amazonaws\aws-java-sdk-directory\1.12.131\aws-java-sdk-directory-1.12.131.jar;C:\Users\ColleenMalone\.m2\repository\com\amazonaws\aws-java-sdk-efs\1.12.131\aws-java-sdk-efs-1.12.131.jar;C:\Users\ColleenMalone\.m2\repository\com\amazonaws\aws-java-sdk-codecommit\1.12.131\aws-java-sdk-codecommit-1.12.131.jar;C:\Users\ColleenMalone\.m2\repository\com\amazonaws\aws-java-sdk-devicefarm\1.12.131\aws-java-sdk-devicefarm-1.12.131.jar;C:\Users\ColleenMalone\.m2\repository\com\amazonaws\aws-java-sdk-elasticsearch\1.12.131\aws-java-sdk-elasticsearch-1.12.131.jar;C:\Users\ColleenMalone\.m2\repository\com\amazonaws\aws-java-sdk-waf\1.12.131\aws-java-sdk-waf-1.12.131.jar;C:\Users\ColleenMalone\.m2\repository\com\amazonaws\aws-java-sdk-marketplacecommerceanalytics\1.12.131\aws-java-sdk-marketplacecommerceanalytics-1.12.131.jar;C:\Users\ColleenMalone\.m2\repository\com\amazonaws\aws-java-sdk-inspector\1.12.131\aws-java-sdk-inspector-1.12.131.jar;C:\Users\ColleenMalone\.m2\repository\com\amazonaws\aws-java-sdk-iot\1.12.131\aws-java-sdk-iot-1.12.131.jar;C:\Users\ColleenMalone\.m2\repository\com\amazonaws\aws-java-sdk-api-gateway\1.12.131\aws-java-sdk-api-gateway-1.12.131.jar;C:\Users\ColleenMalone\.m2\repository\com\amazonaws\aws-java-sdk-acm\1.12.131\aws-java-sdk-acm-1.12.131.jar;C:\Users\ColleenMalone\.m2\repository\com\amazonaws\aws-java-sdk-gamelift\1.12.131\aws-java-sdk-gamelift-1.12.131.jar;C:\Users\ColleenMalone\.m2\repository\com\amazonaws\aws-java-sdk-dms\1.12.131\aws-java-sdk-dms-1.12.131.jar;C:\Users\ColleenMalone\.m2\repository\com\amazonaws\aws-java-sdk-marketplacemeteringservice\1.12.131\aws-java-sdk-marketplacemeteringservice-1.12.131.jar;C:\Users\ColleenMalone\.m2\repository\com\amazonaws\aws-java-sdk-cognitoidp\1.12.131\aws-java-sdk-cognitoidp-1.12.131.jar;C:\Users\ColleenMalone\.m2\repository\com\amazonaws\aws-java-sdk-discovery\1.12.131\aws-java-sdk-discovery-1.12.131.jar;C:\Users\ColleenMalone\.m2\repository\com\amazonaws\aws-java-sdk-applicationautoscaling\1.12.131\aws-java-sdk-applicationautoscaling-1.12.131.jar;C:\Users\ColleenMalone\.m2\repository\com\amazonaws\aws-java-sdk-snowball\1.12.131\aws-java-sdk-snowball-1.12.131.jar;C:\Users\ColleenMalone\.m2\repository\com\amazonaws\aws-java-sdk-rekognition\1.12.131\aws-java-sdk-rekognition-1.12.131.jar;C:\Users\ColleenMalone\.m2\repository\com\amazonaws\aws-java-sdk-polly\1.12.131\aws-java-sdk-polly-1.12.131.jar;C:\Users\ColleenMalone\.m2\repository\com\amazonaws\aws-java-sdk-lightsail\1.12.131\aws-java-sdk-lightsail-1.12.131.jar;C:\Users\ColleenMalone\.m2\repository\com\amazonaws\aws-java-sdk-stepfunctions\1.12.131\aws-java-sdk-stepfunctions-1.12.131.jar;C:\Users\ColleenMalone\.m2\repository\com\amazonaws\aws-java-sdk-health\1.12.131\aws-java-sdk-health-1.12.131.jar;C:\Users\ColleenMalone\.m2\repository\com\amazonaws\aws-java-sdk-costandusagereport\1.12.131\aws-java-sdk-costandusagereport-1.12.131.jar;C:\Users\ColleenMalone\.m2\repository\com\amazonaws\aws-java-sdk-codebuild\1.12.131\aws-java-sdk-codebuild-1.12.131.jar;C:\Users\ColleenMalone\.m2\repository\com\amazonaws\aws-java-sdk-appstream\1.12.131\aws-java-sdk-appstream-1.12.131.jar;C:\Users\ColleenMalone\.m2\repository\com\amazonaws\aws-java-sdk-shield\1.12.131\aws-java-sdk-shield-1.12.131.jar;C:\Users\ColleenMalone\.m2\repository\com\amazonaws\aws-java-sdk-batch\1.12.131\aws-java-sdk-batch-1.12.131.jar;C:\Users\ColleenMalone\.m2\repository\com\amazonaws\aws-java-sdk-lex\1.12.131\aws-java-sdk-lex-1.12.131.jar;C:\Users\ColleenMalone\.m2\repository\com\amazonaws\aws-java-sdk-mechanicalturkrequester\1.12.131\aws-java-sdk-mechanicalturkrequester-1.12.131.jar;C:\Users\ColleenMalone\.m2\repository\com\amazonaws\aws-java-sdk-organizations\1.12.131\aws-java-sdk-organizations-1.12.131.jar;C:\Users\ColleenMalone\.m2\repository\com\amazonaws\aws-java-sdk-workdocs\1.12.131\aws-java-sdk-workdocs-1.12.131.jar;C:\Users\ColleenMalone\.m2\repository\com\amazonaws\aws-java-sdk-core\1.12.131\aws-java-sdk-core-1.12.131.jar;C:\Users\ColleenMalone\.m2\repository\commons-codec\commons-codec\1.15\commons-codec-1.15.jar;C:\Users\ColleenMalone\.m2\repository\org\apache\httpcomponents\httpclient\4.5.13\httpclient-4.5.13.jar;C:\Users\ColleenMalone\.m2\repository\org\apache\httpcomponents\httpcore\4.4.13\httpcore-4.4.13.jar;C:\Users\ColleenMalone\.m2\repository\software\amazon\ion\ion-java\1.0.2\ion-java-1.0.2.jar;C:\Users\ColleenMalone\.m2\repository\com\fasterxml\jackson\dataformat\jackson-dataformat-cbor\2.12.3\jackson-dataformat-cbor-2.12.3.jar;C:\Users\ColleenMalone\.m2\repository\com\amazonaws\aws-java-sdk-models\1.12.131\aws-java-sdk-models-1.12.131.jar;C:\Users\ColleenMalone\.m2\repository\com\amazonaws\aws-java-sdk-swf-libraries\1.11.22\aws-java-sdk-swf-libraries-1.11.22.jar;C:\Users\ColleenMalone\.m2\repository\org\springframework\boot\spring-boot-starter\2.6.4\spring-boot-starter-2.6.4.jar;C:\Users\ColleenMalone\.m2\repository\org\springframework\boot\spring-boot\2.6.4\spring-boot-2.6.4.jar;C:\Users\ColleenMalone\.m2\repository\org\springframework\boot\spring-boot-autoconfigure\2.6.4\spring-boot-autoconfigure-2.6.4.jar;C:\Users\ColleenMalone\.m2\repository\org\springframework\boot\spring-boot-starter-logging\2.6.4\spring-boot-starter-logging-2.6.4.jar;C:\Users\ColleenMalone\.m2\repository\ch\qos\logback\logback-classic\1.2.10\logback-classic-1.2.10.jar;C:\Users\ColleenMalone\.m2\repository\ch\qos\logback\logback-core\1.2.10\logback-core-1.2.10.jar;C:\Users\ColleenMalone\.m2\repository\org\apache\logging\log4j\log4j-to-slf4j\2.17.1\log4j-to-slf4j-2.17.1.jar;C:\Users\ColleenMalone\.m2\repository\org\apache\logging\log4j\log4j-api\2.17.1\log4j-api-2.17.1.jar;C:\Users\ColleenMalone\.m2\repository\org\slf4j\jul-to-slf4j\1.7.36\jul-to-slf4j-1.7.36.jar;C:\Users\ColleenMalone\.m2\repository\jakarta\annotation\jakarta.annotation-api\1.3.5\jakarta.annotation-api-1.3.5.jar;C:\Users\ColleenMalone\.m2\repository\org\yaml\snakeyaml\1.29\snakeyaml-1.29.jar;C:\Users\ColleenMalone\.m2\repository\org\projectlombok\lombok\1.18.22\lombok-1.18.22.jar;C:\Users\ColleenMalone\.m2\repository\org\springdoc\springdoc-openapi-ui\1.6.3\springdoc-openapi-ui-1.6.3.jar;C:\Users\ColleenMalone\.m2\repository\org\springdoc\springdoc-openapi-webmvc-core\1.6.3\springdoc-openapi-webmvc-core-1.6.3.jar;C:\Users\ColleenMalone\.m2\repository\org\springdoc\springdoc-openapi-common\1.6.3\springdoc-openapi-common-1.6.3.jar;C:\Users\ColleenMalone\.m2\repository\io\swagger\core\v3\swagger-models\2.1.12\swagger-models-2.1.12.jar;C:\Users\ColleenMalone\.m2\repository\io\swagger\core\v3\swagger-annotations\2.1.12\swagger-annotations-2.1.12.jar;C:\Users\ColleenMalone\.m2\repository\io\swagger\core\v3\swagger-integration\2.1.12\swagger-integration-2.1.12.jar;C:\Users\ColleenMalone\.m2\repository\io\swagger\core\v3\swagger-core\2.1.12\swagger-core-2.1.12.jar;C:\Users\ColleenMalone\.m2\repository\com\fasterxml\jackson\dataformat\jackson-dataformat-yaml\2.12.1\jackson-dataformat-yaml-2.12.1.jar;C:\Users\ColleenMalone\.m2\repository\io\github\classgraph\classgraph\4.8.117\classgraph-4.8.117.jar;C:\Users\ColleenMalone\.m2\repository\io\github\toolfactory\jvm-driver\4.0.0\jvm-driver-4.0.0.jar;C:\Users\ColleenMalone\.m2\repository\io\github\toolfactory\narcissus\1.0.1\narcissus-1.0.1.jar;C:\Users\ColleenMalone\.m2\repository\org\webjars\swagger-ui\4.1.3\swagger-ui-4.1.3.jar;C:\Users\ColleenMalone\.m2\repository\org\webjars\webjars-locator-core\0.45\webjars-locator-core-0.45.jar;C:\Users\ColleenMalone\.m2\repository\com\fasterxml\jackson\core\jackson-core\2.10.0\jackson-core-2.10.0.jar;C:\Users\ColleenMalone\.m2\repository\org\springframework\boot\spring-boot-starter-actuator\2.6.4\spring-boot-starter-actuator-2.6.4.jar;C:\Users\ColleenMalone\.m2\repository\org\springframework\boot\spring-boot-actuator-autoconfigure\2.6.4\spring-boot-actuator-autoconfigure-2.6.4.jar;C:\Users\ColleenMalone\.m2\repository\org\springframework\boot\spring-boot-actuator\2.6.4\spring-boot-actuator-2.6.4.jar;C:\Users\ColleenMalone\.m2\repository\io\micrometer\micrometer-core\1.8.3\micrometer-core-1.8.3.jar;C:\Users\ColleenMalone\.m2\repository\org\hdrhistogram\HdrHistogram\2.1.12\HdrHistogram-2.1.12.jar;C:\Users\ColleenMalone\.m2\repository\org\latencyutils\LatencyUtils\2.0.3\LatencyUtils-2.0.3.jar;C:\Users\ColleenMalone\.m2\repository\org\springframework\boot\spring-boot-starter-validation\2.6.4\spring-boot-starter-validation-2.6.4.jar;C:\Users\ColleenMalone\.m2\repository\org\apache\tomcat\embed\tomcat-embed-el\9.0.58\tomcat-embed-el-9.0.58.jar;C:\Users\ColleenMalone\.m2\repository\org\hibernate\validator\hibernate-validator\6.2.2.Final\hibernate-validator-6.2.2.Final.jar;C:\Users\ColleenMalone\.m2\repository\jakarta\validation\jakarta.validation-api\2.0.2\jakarta.validation-api-2.0.2.jar;C:\Users\ColleenMalone\.m2\repository\org\springframework\spring-context\5.3.14\spring-context-5.3.14.jar;C:\Users\ColleenMalone\.m2\repository\org\springframework\spring-aop\5.3.14\spring-aop-5.3.14.jar;C:\Users\ColleenMalone\.m2\repository\org\springframework\spring-beans\5.3.14\spring-beans-5.3.14.jar;C:\Users\ColleenMalone\.m2\repository\org\springframework\spring-expression\5.3.14\spring-expression-5.3.14.jar;C:\Users\ColleenMalone\.m2\repository\org\springframework\boot\spring-boot-devtools\2.6.4\spring-boot-devtools-2.6.4.jar;C:\Users\ColleenMalone\.m2\repository\org\aspectj\aspectjrt\1.5.4\aspectjrt-1.5.4.jar;C:\Users\ColleenMalone\.m2\repository\org\aspectj\aspectjweaver\1.9.5\aspectjweaver-1.9.5.jar;"/>
    <property name="sun.cpu.endian" value="little"/>
    <property name="user.home" value="C:\Users\ColleenMalone"/>
    <property name="user.language" value="en"/>
    <property name="java.specification.vendor" value="Oracle Corporation"/>
    <property name="java.version.date" value="2022-01-18"/>
    <property name="java.home" value="C:\Program Files\Java\jdk-11.0.14"/>
    <property name="file.separator" value="\"/>
    <property name="basedir" value="C:\Users\ColleenMalone\Documents\brand-new-from-scratch\projects\thymecrunch\core"/>
    <property name="java.vm.compressedOopsMode" value="Zero based"/>
    <property name="line.separator" value="&#10;"/>
    <property name="java.specification.name" value="Java Platform API Specification"/>
    <property name="java.vm.specification.vendor" value="Oracle Corporation"/>
    <property name="java.awt.graphicsenv" value="sun.awt.Win32GraphicsEnvironment"/>
    <property name="user.script" value=""/>
    <property name="sun.management.compiler" value="HotSpot 64-Bit Tiered Compilers"/>
    <property name="java.runtime.version" value="11.0.14+8-LTS-263"/>
    <property name="user.name" value="ColleenMalone"/>
    <property name="path.separator" value=";"/>
    <property name="os.version" value="10.0"/>
    <property name="java.runtime.name" value="Java(TM) SE Runtime Environment"/>
    <property name="file.encoding" value="Cp1252"/>
    <property name="java.vm.name" value="Java HotSpot(TM) 64-Bit Server VM"/>
    <property name="java.vendor.version" value="18.9"/>
    <property name="localRepository" value="C:\Users\ColleenMalone\.m2\repository"/>
    <property name="java.vendor.url.bug" value="https://bugreport.java.com/bugreport/"/>
    <property name="java.io.tmpdir" value="C:\Users\COLLEE~1\AppData\Local\Temp\"/>
    <property name="java.version" value="11.0.14"/>
    <property name="user.dir" value="C:\Users\ColleenMalone\Documents\brand-new-from-scratch\projects\thymecrunch\core"/>
    <property name="os.arch" value="amd64"/>
    <property name="java.vm.specification.name" value="Java Virtual Machine Specification"/>
    <property name="java.awt.printerjob" value="sun.awt.windows.WPrinterJob"/>
    <property name="sun.os.patch.level" value=""/>
    <property name="java.library.path" value="C:\Program Files\Java\jdk-11.0.14\bin;C:\Windows\Sun\Java\bin;C:\Windows\system32;C:\Windows;C:\Users\ColleenMalone\bin;C:\Program Files\Git\mingw64\bin;C:\Program Files\Git\usr\local\bin;C:\Program Files\Git\usr\bin;C:\Program Files\Git\usr\bin;C:\Program Files\Git\mingw64\bin;C:\Program Files\Git\usr\bin;C:\Users\ColleenMalone\bin;C:\Program Files\Common Files\Oracle\Java\javapath;C:\Program Files\nodejs;C:\Program Files\Java\jdk-11.0.14\bin;C:\Program Files\Apache Maven\apache-maven-3.8.4\bin;C:\Users\ColleenMalone\AppData\Local\Microsoft\WindowsApps;C:\Users\ColleenMalone\AppData\Roaming\npm;C:\Program Files (x86)\Brackets;C:\Users\ColleenMalone\AppData\Local\Programs\Microsoft VS Code\bin;C:\Program Files\Git\usr\bin\vendor_perl;C:\Program Files\Git\usr\bin\core_perl;."/>
    <property name="java.vendor" value="Oracle Corporation"/>
    <property name="java.vm.info" value="mixed mode"/>
    <property name="java.vm.version" value="11.0.14+8-LTS-263"/>
    <property name="sun.io.unicode.encoding" value="UnicodeLittle"/>
    <property name="java.class.version" value="55.0"/>
  </properties>
  <testcase name="doFilter{AemContext}" classname="com.thymecrunch.core.filters.LoggingFilterTest" time="1.741"/>
</testsuite>